{"/Users/felipetorresmagalhaes/Documents/ACELERA/projeto/carango-bom-base/src/App.jsx": {"path":"/Users/felipetorresmagalhaes/Documents/ACELERA/projeto/carango-bom-base/src/App.jsx","statementMap":{"0":{"start":{"line":20,"column":17},"end":{"line":29,"column":1}},"1":{"start":{"line":31,"column":18},"end":{"line":46,"column":3}},"2":{"start":{"line":31,"column":41},"end":{"line":46,"column":1}},"3":{"start":{"line":49,"column":54},"end":{"line":49,"column":66}},"4":{"start":{"line":50,"column":18},"end":{"line":50,"column":29}},"5":{"start":{"line":52,"column":28},"end":{"line":60,"column":3}},"6":{"start":{"line":53,"column":4},"end":{"line":58,"column":5}},"7":{"start":{"line":54,"column":6},"end":{"line":54,"column":53}},"8":{"start":{"line":55,"column":6},"end":{"line":55,"column":55}},"9":{"start":{"line":57,"column":6},"end":{"line":57,"column":27}},"10":{"start":{"line":59,"column":4},"end":{"line":59,"column":37}},"11":{"start":{"line":62,"column":26},"end":{"line":64,"column":3}},"12":{"start":{"line":63,"column":4},"end":{"line":63,"column":37}},"13":{"start":{"line":66,"column":2},"end":{"line":121,"column":4}}},"fnMap":{"0":{"name":"(anonymous_0)","decl":{"start":{"line":31,"column":29},"end":{"line":31,"column":30}},"loc":{"start":{"line":31,"column":41},"end":{"line":46,"column":1}},"line":31},"1":{"name":"App","decl":{"start":{"line":48,"column":9},"end":{"line":48,"column":12}},"loc":{"start":{"line":48,"column":15},"end":{"line":122,"column":1}},"line":48},"2":{"name":"(anonymous_2)","decl":{"start":{"line":52,"column":28},"end":{"line":52,"column":29}},"loc":{"start":{"line":52,"column":43},"end":{"line":60,"column":3}},"line":52},"3":{"name":"(anonymous_3)","decl":{"start":{"line":62,"column":26},"end":{"line":62,"column":27}},"loc":{"start":{"line":62,"column":32},"end":{"line":64,"column":3}},"line":62}},"branchMap":{"0":{"loc":{"start":{"line":53,"column":4},"end":{"line":58,"column":5}},"type":"if","locations":[{"start":{"line":53,"column":4},"end":{"line":58,"column":5}},{"start":{"line":53,"column":4},"end":{"line":58,"column":5}}],"line":53}},"s":{"0":0,"1":0,"2":0,"3":0,"4":0,"5":0,"6":0,"7":0,"8":0,"9":0,"10":0,"11":0,"12":0,"13":0},"f":{"0":0,"1":0,"2":0,"3":0},"b":{"0":[0,0]}}
,"/Users/felipetorresmagalhaes/Documents/ACELERA/projeto/carango-bom-base/src/Constants.js": {"path":"/Users/felipetorresmagalhaes/Documents/ACELERA/projeto/carango-bom-base/src/Constants.js","statementMap":{"0":{"start":{"line":1,"column":28},"end":{"line":1,"column":31}},"1":{"start":{"line":2,"column":24},"end":{"line":2,"column":30}},"2":{"start":{"line":3,"column":25},"end":{"line":3,"column":32}}},"fnMap":{},"branchMap":{},"s":{"0":6,"1":6,"2":6},"f":{},"b":{},"_coverageSchema":"1a1c01bbd47fc00a2c39e90264f33305004495a9","hash":"c3a83e418ed8e43b69114573927b4f19f78f1dba"}
,"/Users/felipetorresmagalhaes/Documents/ACELERA/projeto/carango-bom-base/src/index.js": {"path":"/Users/felipetorresmagalhaes/Documents/ACELERA/projeto/carango-bom-base/src/index.js","statementMap":{"0":{"start":{"line":9,"column":0},"end":{"line":14,"column":2}}},"fnMap":{},"branchMap":{},"s":{"0":0},"f":{},"b":{}}
,"/Users/felipetorresmagalhaes/Documents/ACELERA/projeto/carango-bom-base/src/assets/GlobalStyles.jsx": {"path":"/Users/felipetorresmagalhaes/Documents/ACELERA/projeto/carango-bom-base/src/assets/GlobalStyles.jsx","statementMap":{"0":{"start":{"line":5,"column":27},"end":{"line":8,"column":1}},"1":{"start":{"line":10,"column":30},"end":{"line":12,"column":1}},"2":{"start":{"line":14,"column":28},"end":{"line":17,"column":1}},"3":{"start":{"line":19,"column":25},"end":{"line":23,"column":1}},"4":{"start":{"line":25,"column":30},"end":{"line":30,"column":1}},"5":{"start":{"line":32,"column":27},"end":{"line":35,"column":1}},"6":{"start":{"line":37,"column":25},"end":{"line":40,"column":1}},"7":{"start":{"line":42,"column":27},"end":{"line":44,"column":1}},"8":{"start":{"line":46,"column":25},"end":{"line":48,"column":1}}},"fnMap":{},"branchMap":{},"s":{"0":5,"1":5,"2":5,"3":5,"4":5,"5":5,"6":5,"7":5,"8":5},"f":{},"b":{},"_coverageSchema":"1a1c01bbd47fc00a2c39e90264f33305004495a9","hash":"7ee0afdf80a08a8053ba8ef96acccf94c5b0b72c"}
,"/Users/felipetorresmagalhaes/Documents/ACELERA/projeto/carango-bom-base/src/components/header/Header.jsx": {"path":"/Users/felipetorresmagalhaes/Documents/ACELERA/projeto/carango-bom-base/src/components/header/Header.jsx","statementMap":{"0":{"start":{"line":11,"column":15},"end":{"line":123,"column":1}},"1":{"start":{"line":12,"column":34},"end":{"line":12,"column":48}},"2":{"start":{"line":13,"column":38},"end":{"line":13,"column":52}},"3":{"start":{"line":15,"column":18},"end":{"line":15,"column":30}},"4":{"start":{"line":17,"column":29},"end":{"line":17,"column":59}},"5":{"start":{"line":19,"column":20},"end":{"line":19,"column":55}},"6":{"start":{"line":19,"column":27},"end":{"line":19,"column":55}},"7":{"start":{"line":20,"column":21},"end":{"line":20,"column":44}},"8":{"start":{"line":20,"column":27},"end":{"line":20,"column":44}},"9":{"start":{"line":21,"column":27},"end":{"line":21,"column":59}},"10":{"start":{"line":21,"column":39},"end":{"line":21,"column":59}},"11":{"start":{"line":23,"column":22},"end":{"line":23,"column":59}},"12":{"start":{"line":23,"column":29},"end":{"line":23,"column":59}},"13":{"start":{"line":24,"column":23},"end":{"line":24,"column":48}},"14":{"start":{"line":24,"column":29},"end":{"line":24,"column":48}},"15":{"start":{"line":25,"column":17},"end":{"line":28,"column":3}},"16":{"start":{"line":26,"column":4},"end":{"line":26,"column":26}},"17":{"start":{"line":27,"column":4},"end":{"line":27,"column":26}},"18":{"start":{"line":30,"column":26},"end":{"line":32,"column":3}},"19":{"start":{"line":31,"column":4},"end":{"line":31,"column":36}},"20":{"start":{"line":34,"column":26},"end":{"line":43,"column":3}},"21":{"start":{"line":35,"column":20},"end":{"line":35,"column":55}},"22":{"start":{"line":36,"column":4},"end":{"line":41,"column":5}},"23":{"start":{"line":37,"column":6},"end":{"line":40,"column":9}},"24":{"start":{"line":42,"column":4},"end":{"line":42,"column":21}},"25":{"start":{"line":45,"column":22},"end":{"line":82,"column":3}},"26":{"start":{"line":47,"column":6},"end":{"line":49,"column":15}},"27":{"start":{"line":47,"column":29},"end":{"line":47,"column":51}},"28":{"start":{"line":51,"column":4},"end":{"line":80,"column":5}},"29":{"start":{"line":52,"column":6},"end":{"line":79,"column":8}},"30":{"start":{"line":71,"column":16},"end":{"line":71,"column":31}},"31":{"start":{"line":72,"column":16},"end":{"line":72,"column":25}},"32":{"start":{"line":81,"column":4},"end":{"line":81,"column":21}},"33":{"start":{"line":84,"column":2},"end":{"line":122,"column":4}},"34":{"start":{"line":104,"column":14},"end":{"line":112,"column":25}},"35":{"start":{"line":107,"column":18},"end":{"line":107,"column":31}},"36":{"start":{"line":108,"column":18},"end":{"line":108,"column":50}},"37":{"start":{"line":115,"column":60},"end":{"line":115,"column":77}},"38":{"start":{"line":125,"column":0},"end":{"line":127,"column":2}}},"fnMap":{"0":{"name":"(anonymous_0)","decl":{"start":{"line":11,"column":15},"end":{"line":11,"column":16}},"loc":{"start":{"line":11,"column":42},"end":{"line":123,"column":1}},"line":11},"1":{"name":"(anonymous_1)","decl":{"start":{"line":19,"column":20},"end":{"line":19,"column":21}},"loc":{"start":{"line":19,"column":27},"end":{"line":19,"column":55}},"line":19},"2":{"name":"(anonymous_2)","decl":{"start":{"line":20,"column":21},"end":{"line":20,"column":22}},"loc":{"start":{"line":20,"column":27},"end":{"line":20,"column":44}},"line":20},"3":{"name":"(anonymous_3)","decl":{"start":{"line":21,"column":27},"end":{"line":21,"column":28}},"loc":{"start":{"line":21,"column":39},"end":{"line":21,"column":59}},"line":21},"4":{"name":"(anonymous_4)","decl":{"start":{"line":23,"column":22},"end":{"line":23,"column":23}},"loc":{"start":{"line":23,"column":29},"end":{"line":23,"column":59}},"line":23},"5":{"name":"(anonymous_5)","decl":{"start":{"line":24,"column":23},"end":{"line":24,"column":24}},"loc":{"start":{"line":24,"column":29},"end":{"line":24,"column":48}},"line":24},"6":{"name":"(anonymous_6)","decl":{"start":{"line":25,"column":17},"end":{"line":25,"column":18}},"loc":{"start":{"line":25,"column":23},"end":{"line":28,"column":3}},"line":25},"7":{"name":"(anonymous_7)","decl":{"start":{"line":30,"column":26},"end":{"line":30,"column":27}},"loc":{"start":{"line":30,"column":32},"end":{"line":32,"column":3}},"line":30},"8":{"name":"(anonymous_8)","decl":{"start":{"line":34,"column":26},"end":{"line":34,"column":27}},"loc":{"start":{"line":34,"column":32},"end":{"line":43,"column":3}},"line":34},"9":{"name":"(anonymous_9)","decl":{"start":{"line":45,"column":22},"end":{"line":45,"column":23}},"loc":{"start":{"line":45,"column":28},"end":{"line":82,"column":3}},"line":45},"10":{"name":"(anonymous_10)","decl":{"start":{"line":47,"column":23},"end":{"line":47,"column":24}},"loc":{"start":{"line":47,"column":29},"end":{"line":47,"column":51}},"line":47},"11":{"name":"(anonymous_11)","decl":{"start":{"line":70,"column":23},"end":{"line":70,"column":24}},"loc":{"start":{"line":70,"column":29},"end":{"line":73,"column":15}},"line":70},"12":{"name":"(anonymous_12)","decl":{"start":{"line":103,"column":35},"end":{"line":103,"column":36}},"loc":{"start":{"line":104,"column":14},"end":{"line":112,"column":25}},"line":104},"13":{"name":"(anonymous_13)","decl":{"start":{"line":106,"column":25},"end":{"line":106,"column":26}},"loc":{"start":{"line":106,"column":31},"end":{"line":109,"column":17}},"line":106},"14":{"name":"(anonymous_14)","decl":{"start":{"line":115,"column":54},"end":{"line":115,"column":55}},"loc":{"start":{"line":115,"column":60},"end":{"line":115,"column":77}},"line":115}},"branchMap":{"0":{"loc":{"start":{"line":36,"column":4},"end":{"line":41,"column":5}},"type":"if","locations":[{"start":{"line":36,"column":4},"end":{"line":41,"column":5}},{"start":{"line":36,"column":4},"end":{"line":41,"column":5}}],"line":36},"1":{"loc":{"start":{"line":51,"column":4},"end":{"line":80,"column":5}},"type":"if","locations":[{"start":{"line":51,"column":4},"end":{"line":80,"column":5}},{"start":{"line":51,"column":4},"end":{"line":80,"column":5}}],"line":51}},"s":{"0":1,"1":11,"2":11,"3":11,"4":11,"5":11,"6":3,"7":11,"8":2,"9":11,"10":2,"11":11,"12":0,"13":11,"14":0,"15":11,"16":0,"17":0,"18":11,"19":22,"20":11,"21":11,"22":11,"23":1,"24":11,"25":11,"26":11,"27":1,"28":11,"29":1,"30":0,"31":0,"32":11,"33":11,"34":12,"35":2,"36":2,"37":1,"38":1},"f":{"0":11,"1":3,"2":2,"3":2,"4":0,"5":0,"6":0,"7":22,"8":11,"9":11,"10":1,"11":0,"12":12,"13":2,"14":1},"b":{"0":[1,10],"1":[1,10]},"_coverageSchema":"1a1c01bbd47fc00a2c39e90264f33305004495a9","hash":"87fe6c2bc58ffc9512c01d040126485f30957d93"}
,"/Users/felipetorresmagalhaes/Documents/ACELERA/projeto/carango-bom-base/src/components/header/styles.jsx": {"path":"/Users/felipetorresmagalhaes/Documents/ACELERA/projeto/carango-bom-base/src/components/header/styles.jsx","statementMap":{"0":{"start":{"line":5,"column":28},"end":{"line":7,"column":1}},"1":{"start":{"line":9,"column":30},"end":{"line":12,"column":1}},"2":{"start":{"line":14,"column":21},"end":{"line":21,"column":1}},"3":{"start":{"line":23,"column":26},"end":{"line":25,"column":1}}},"fnMap":{},"branchMap":{},"s":{"0":1,"1":1,"2":1,"3":1},"f":{},"b":{},"_coverageSchema":"1a1c01bbd47fc00a2c39e90264f33305004495a9","hash":"b855290d3c34fbec99c5b5f27c088162b874cbe8"}
,"/Users/felipetorresmagalhaes/Documents/ACELERA/projeto/carango-bom-base/src/components/private-route/PrivateRoute.jsx": {"path":"/Users/felipetorresmagalhaes/Documents/ACELERA/projeto/carango-bom-base/src/components/private-route/PrivateRoute.jsx","statementMap":{"0":{"start":{"line":5,"column":21},"end":{"line":17,"column":1}},"1":{"start":{"line":6,"column":28},"end":{"line":12,"column":3}},"2":{"start":{"line":7,"column":4},"end":{"line":11,"column":6}},"3":{"start":{"line":14,"column":2},"end":{"line":16,"column":4}},"4":{"start":{"line":15,"column":40},"end":{"line":15,"column":75}},"5":{"start":{"line":19,"column":0},"end":{"line":23,"column":2}}},"fnMap":{"0":{"name":"(anonymous_0)","decl":{"start":{"line":5,"column":21},"end":{"line":5,"column":22}},"loc":{"start":{"line":5,"column":66},"end":{"line":17,"column":1}},"line":5},"1":{"name":"(anonymous_1)","decl":{"start":{"line":6,"column":28},"end":{"line":6,"column":29}},"loc":{"start":{"line":6,"column":50},"end":{"line":12,"column":3}},"line":6},"2":{"name":"(anonymous_2)","decl":{"start":{"line":15,"column":29},"end":{"line":15,"column":30}},"loc":{"start":{"line":15,"column":40},"end":{"line":15,"column":75}},"line":15}},"branchMap":{"0":{"loc":{"start":{"line":7,"column":11},"end":{"line":11,"column":5}},"type":"cond-expr","locations":[{"start":{"line":8,"column":6},"end":{"line":8,"column":15}},{"start":{"line":10,"column":6},"end":{"line":10,"column":74}}],"line":7}},"s":{"0":0,"1":0,"2":0,"3":0,"4":0,"5":0},"f":{"0":0,"1":0,"2":0},"b":{"0":[0,0]}}
,"/Users/felipetorresmagalhaes/Documents/ACELERA/projeto/carango-bom-base/src/contexts/UsuarioAutenticado.js": {"path":"/Users/felipetorresmagalhaes/Documents/ACELERA/projeto/carango-bom-base/src/contexts/UsuarioAutenticado.js","statementMap":{"0":{"start":{"line":3,"column":27},"end":{"line":3,"column":48}}},"fnMap":{},"branchMap":{},"s":{"0":2},"f":{},"b":{},"_coverageSchema":"1a1c01bbd47fc00a2c39e90264f33305004495a9","hash":"c34d7f23f315689f3486284557641d8160cb42e7"}
,"/Users/felipetorresmagalhaes/Documents/ACELERA/projeto/carango-bom-base/src/hooks/useErros.js": {"path":"/Users/felipetorresmagalhaes/Documents/ACELERA/projeto/carango-bom-base/src/hooks/useErros.js","statementMap":{"0":{"start":{"line":4,"column":24},"end":{"line":4,"column":54}},"1":{"start":{"line":6,"column":28},"end":{"line":6,"column":51}},"2":{"start":{"line":9,"column":28},"end":{"line":9,"column":40}},"3":{"start":{"line":10,"column":23},"end":{"line":10,"column":35}},"4":{"start":{"line":11,"column":4},"end":{"line":11,"column":47}},"5":{"start":{"line":12,"column":4},"end":{"line":12,"column":25}},"6":{"start":{"line":16,"column":4},"end":{"line":20,"column":5}},"7":{"start":{"line":17,"column":6},"end":{"line":19,"column":7}},"8":{"start":{"line":18,"column":8},"end":{"line":18,"column":21}},"9":{"start":{"line":22,"column":4},"end":{"line":22,"column":16}},"10":{"start":{"line":25,"column":2},"end":{"line":25,"column":45}},"11":{"start":{"line":29,"column":24},"end":{"line":29,"column":26}},"12":{"start":{"line":30,"column":2},"end":{"line":32,"column":3}},"13":{"start":{"line":31,"column":4},"end":{"line":31,"column":55}},"14":{"start":{"line":34,"column":2},"end":{"line":34,"column":23}}},"fnMap":{"0":{"name":"useErros","decl":{"start":{"line":3,"column":9},"end":{"line":3,"column":17}},"loc":{"start":{"line":3,"column":30},"end":{"line":26,"column":1}},"line":3},"1":{"name":"validarCampos","decl":{"start":{"line":8,"column":11},"end":{"line":8,"column":24}},"loc":{"start":{"line":8,"column":32},"end":{"line":13,"column":3}},"line":8},"2":{"name":"possoEnviar","decl":{"start":{"line":15,"column":11},"end":{"line":15,"column":22}},"loc":{"start":{"line":15,"column":25},"end":{"line":23,"column":3}},"line":15},"3":{"name":"criarEstadoInicial","decl":{"start":{"line":28,"column":9},"end":{"line":28,"column":27}},"loc":{"start":{"line":28,"column":40},"end":{"line":35,"column":1}},"line":28}},"branchMap":{"0":{"loc":{"start":{"line":17,"column":6},"end":{"line":19,"column":7}},"type":"if","locations":[{"start":{"line":17,"column":6},"end":{"line":19,"column":7}},{"start":{"line":17,"column":6},"end":{"line":19,"column":7}}],"line":17}},"s":{"0":101,"1":101,"2":33,"3":33,"4":33,"5":33,"6":105,"7":290,"8":12,"9":93,"10":101,"11":101,"12":101,"13":293,"14":101},"f":{"0":101,"1":33,"2":105,"3":101},"b":{"0":[12,278]},"_coverageSchema":"1a1c01bbd47fc00a2c39e90264f33305004495a9","hash":"8444f3140054fef12f4e3ffe4c197ea2325dae0f"}
,"/Users/felipetorresmagalhaes/Documents/ACELERA/projeto/carango-bom-base/src/pages/cadastro/Cadastro.jsx": {"path":"/Users/felipetorresmagalhaes/Documents/ACELERA/projeto/carango-bom-base/src/pages/cadastro/Cadastro.jsx","statementMap":{"0":{"start":{"line":25,"column":14},"end":{"line":156,"column":1}},"1":{"start":{"line":26,"column":32},"end":{"line":26,"column":44}},"2":{"start":{"line":27,"column":28},"end":{"line":27,"column":40}},"3":{"start":{"line":28,"column":46},"end":{"line":28,"column":58}},"4":{"start":{"line":30,"column":18},"end":{"line":30,"column":30}},"5":{"start":{"line":32,"column":21},"end":{"line":54,"column":3}},"6":{"start":{"line":34,"column":6},"end":{"line":34,"column":80}},"7":{"start":{"line":34,"column":27},"end":{"line":34,"column":80}},"8":{"start":{"line":35,"column":6},"end":{"line":39,"column":10}},"9":{"start":{"line":36,"column":8},"end":{"line":39,"column":10}},"10":{"start":{"line":40,"column":6},"end":{"line":40,"column":30}},"11":{"start":{"line":44,"column":6},"end":{"line":45,"column":80}},"12":{"start":{"line":45,"column":8},"end":{"line":45,"column":80}},"13":{"start":{"line":46,"column":6},"end":{"line":46,"column":30}},"14":{"start":{"line":50,"column":6},"end":{"line":51,"column":70}},"15":{"start":{"line":51,"column":8},"end":{"line":51,"column":70}},"16":{"start":{"line":52,"column":6},"end":{"line":52,"column":30}},"17":{"start":{"line":56,"column":46},"end":{"line":56,"column":66}},"18":{"start":{"line":58,"column":20},"end":{"line":66,"column":3}},"19":{"start":{"line":60,"column":4},"end":{"line":65,"column":5}},"20":{"start":{"line":61,"column":6},"end":{"line":61,"column":25}},"21":{"start":{"line":62,"column":6},"end":{"line":64,"column":9}},"22":{"start":{"line":63,"column":8},"end":{"line":63,"column":31}},"23":{"start":{"line":68,"column":2},"end":{"line":155,"column":4}},"24":{"start":{"line":78,"column":36},"end":{"line":78,"column":48}},"25":{"start":{"line":83,"column":14},"end":{"line":83,"column":41}},"26":{"start":{"line":84,"column":14},"end":{"line":84,"column":31}},"27":{"start":{"line":102,"column":14},"end":{"line":102,"column":39}},"28":{"start":{"line":103,"column":14},"end":{"line":103,"column":31}},"29":{"start":{"line":122,"column":14},"end":{"line":122,"column":48}},"30":{"start":{"line":123,"column":14},"end":{"line":123,"column":31}}},"fnMap":{"0":{"name":"(anonymous_0)","decl":{"start":{"line":25,"column":14},"end":{"line":25,"column":15}},"loc":{"start":{"line":25,"column":20},"end":{"line":156,"column":1}},"line":25},"1":{"name":"(anonymous_1)","decl":{"start":{"line":33,"column":13},"end":{"line":33,"column":14}},"loc":{"start":{"line":33,"column":26},"end":{"line":41,"column":5}},"line":33},"2":{"name":"(anonymous_2)","decl":{"start":{"line":43,"column":11},"end":{"line":43,"column":12}},"loc":{"start":{"line":43,"column":22},"end":{"line":47,"column":5}},"line":43},"3":{"name":"(anonymous_3)","decl":{"start":{"line":49,"column":20},"end":{"line":49,"column":21}},"loc":{"start":{"line":49,"column":40},"end":{"line":53,"column":5}},"line":49},"4":{"name":"(anonymous_4)","decl":{"start":{"line":58,"column":20},"end":{"line":58,"column":21}},"loc":{"start":{"line":58,"column":27},"end":{"line":66,"column":3}},"line":58},"5":{"name":"(anonymous_5)","decl":{"start":{"line":62,"column":62},"end":{"line":62,"column":63}},"loc":{"start":{"line":62,"column":68},"end":{"line":64,"column":7}},"line":62},"6":{"name":"(anonymous_6)","decl":{"start":{"line":78,"column":29},"end":{"line":78,"column":30}},"loc":{"start":{"line":78,"column":36},"end":{"line":78,"column":48}},"line":78},"7":{"name":"(anonymous_7)","decl":{"start":{"line":82,"column":22},"end":{"line":82,"column":23}},"loc":{"start":{"line":82,"column":29},"end":{"line":85,"column":13}},"line":82},"8":{"name":"(anonymous_8)","decl":{"start":{"line":101,"column":22},"end":{"line":101,"column":23}},"loc":{"start":{"line":101,"column":29},"end":{"line":104,"column":13}},"line":101},"9":{"name":"(anonymous_9)","decl":{"start":{"line":121,"column":22},"end":{"line":121,"column":23}},"loc":{"start":{"line":121,"column":29},"end":{"line":124,"column":13}},"line":121}},"branchMap":{"0":{"loc":{"start":{"line":34,"column":6},"end":{"line":34,"column":80}},"type":"if","locations":[{"start":{"line":34,"column":6},"end":{"line":34,"column":80}},{"start":{"line":34,"column":6},"end":{"line":34,"column":80}}],"line":34},"1":{"loc":{"start":{"line":35,"column":6},"end":{"line":39,"column":10}},"type":"if","locations":[{"start":{"line":35,"column":6},"end":{"line":39,"column":10}},{"start":{"line":35,"column":6},"end":{"line":39,"column":10}}],"line":35},"2":{"loc":{"start":{"line":44,"column":6},"end":{"line":45,"column":80}},"type":"if","locations":[{"start":{"line":44,"column":6},"end":{"line":45,"column":80}},{"start":{"line":44,"column":6},"end":{"line":45,"column":80}}],"line":44},"3":{"loc":{"start":{"line":44,"column":10},"end":{"line":44,"column":36}},"type":"binary-expr","locations":[{"start":{"line":44,"column":10},"end":{"line":44,"column":16}},{"start":{"line":44,"column":20},"end":{"line":44,"column":36}}],"line":44},"4":{"loc":{"start":{"line":50,"column":6},"end":{"line":51,"column":70}},"type":"if","locations":[{"start":{"line":50,"column":6},"end":{"line":51,"column":70}},{"start":{"line":50,"column":6},"end":{"line":51,"column":70}}],"line":50},"5":{"loc":{"start":{"line":60,"column":4},"end":{"line":65,"column":5}},"type":"if","locations":[{"start":{"line":60,"column":4},"end":{"line":65,"column":5}},{"start":{"line":60,"column":4},"end":{"line":65,"column":5}}],"line":60}},"s":{"0":1,"1":20,"2":20,"3":20,"4":20,"5":20,"6":5,"7":0,"8":5,"9":1,"10":4,"11":5,"12":1,"13":4,"14":3,"15":1,"16":2,"17":20,"18":20,"19":1,"20":1,"21":1,"22":1,"23":20,"24":1,"25":5,"26":5,"27":5,"28":5,"29":3,"30":3},"f":{"0":20,"1":5,"2":5,"3":3,"4":1,"5":1,"6":1,"7":5,"8":5,"9":3},"b":{"0":[0,5],"1":[1,4],"2":[1,4],"3":[5,5],"4":[1,2],"5":[1,0]},"_coverageSchema":"1a1c01bbd47fc00a2c39e90264f33305004495a9","hash":"7afdfcc47e10bd1ab755768b048d57c3eda05c22"}
,"/Users/felipetorresmagalhaes/Documents/ACELERA/projeto/carango-bom-base/src/pages/login/Login.jsx": {"path":"/Users/felipetorresmagalhaes/Documents/ACELERA/projeto/carango-bom-base/src/pages/login/Login.jsx","statementMap":{"0":{"start":{"line":25,"column":14},"end":{"line":132,"column":1}},"1":{"start":{"line":26,"column":32},"end":{"line":26,"column":44}},"2":{"start":{"line":27,"column":28},"end":{"line":27,"column":40}},"3":{"start":{"line":29,"column":18},"end":{"line":29,"column":30}},"4":{"start":{"line":31,"column":21},"end":{"line":47,"column":3}},"5":{"start":{"line":33,"column":6},"end":{"line":33,"column":80}},"6":{"start":{"line":33,"column":27},"end":{"line":33,"column":80}},"7":{"start":{"line":34,"column":6},"end":{"line":38,"column":10}},"8":{"start":{"line":35,"column":8},"end":{"line":38,"column":10}},"9":{"start":{"line":39,"column":6},"end":{"line":39,"column":30}},"10":{"start":{"line":43,"column":6},"end":{"line":44,"column":80}},"11":{"start":{"line":44,"column":8},"end":{"line":44,"column":80}},"12":{"start":{"line":45,"column":6},"end":{"line":45,"column":30}},"13":{"start":{"line":49,"column":46},"end":{"line":49,"column":66}},"14":{"start":{"line":51,"column":16},"end":{"line":64,"column":3}},"15":{"start":{"line":52,"column":4},"end":{"line":63,"column":5}},"16":{"start":{"line":53,"column":6},"end":{"line":53,"column":25}},"17":{"start":{"line":54,"column":6},"end":{"line":62,"column":8}},"18":{"start":{"line":56,"column":10},"end":{"line":59,"column":13}},"19":{"start":{"line":60,"column":10},"end":{"line":60,"column":28}},"20":{"start":{"line":66,"column":2},"end":{"line":131,"column":4}},"21":{"start":{"line":76,"column":36},"end":{"line":76,"column":44}},"22":{"start":{"line":81,"column":14},"end":{"line":81,"column":41}},"23":{"start":{"line":82,"column":14},"end":{"line":82,"column":31}},"24":{"start":{"line":100,"column":14},"end":{"line":100,"column":39}},"25":{"start":{"line":101,"column":14},"end":{"line":101,"column":31}},"26":{"start":{"line":134,"column":0},"end":{"line":136,"column":2}}},"fnMap":{"0":{"name":"(anonymous_0)","decl":{"start":{"line":25,"column":14},"end":{"line":25,"column":15}},"loc":{"start":{"line":25,"column":41},"end":{"line":132,"column":1}},"line":25},"1":{"name":"(anonymous_1)","decl":{"start":{"line":32,"column":13},"end":{"line":32,"column":14}},"loc":{"start":{"line":32,"column":26},"end":{"line":40,"column":5}},"line":32},"2":{"name":"(anonymous_2)","decl":{"start":{"line":42,"column":11},"end":{"line":42,"column":12}},"loc":{"start":{"line":42,"column":22},"end":{"line":46,"column":5}},"line":42},"3":{"name":"(anonymous_3)","decl":{"start":{"line":51,"column":16},"end":{"line":51,"column":17}},"loc":{"start":{"line":51,"column":23},"end":{"line":64,"column":3}},"line":51},"4":{"name":"(anonymous_4)","decl":{"start":{"line":55,"column":8},"end":{"line":55,"column":9}},"loc":{"start":{"line":55,"column":22},"end":{"line":61,"column":9}},"line":55},"5":{"name":"(anonymous_5)","decl":{"start":{"line":76,"column":29},"end":{"line":76,"column":30}},"loc":{"start":{"line":76,"column":36},"end":{"line":76,"column":44}},"line":76},"6":{"name":"(anonymous_6)","decl":{"start":{"line":80,"column":22},"end":{"line":80,"column":23}},"loc":{"start":{"line":80,"column":29},"end":{"line":83,"column":13}},"line":80},"7":{"name":"(anonymous_7)","decl":{"start":{"line":99,"column":22},"end":{"line":99,"column":23}},"loc":{"start":{"line":99,"column":29},"end":{"line":102,"column":13}},"line":99}},"branchMap":{"0":{"loc":{"start":{"line":33,"column":6},"end":{"line":33,"column":80}},"type":"if","locations":[{"start":{"line":33,"column":6},"end":{"line":33,"column":80}},{"start":{"line":33,"column":6},"end":{"line":33,"column":80}}],"line":33},"1":{"loc":{"start":{"line":34,"column":6},"end":{"line":38,"column":10}},"type":"if","locations":[{"start":{"line":34,"column":6},"end":{"line":38,"column":10}},{"start":{"line":34,"column":6},"end":{"line":38,"column":10}}],"line":34},"2":{"loc":{"start":{"line":43,"column":6},"end":{"line":44,"column":80}},"type":"if","locations":[{"start":{"line":43,"column":6},"end":{"line":44,"column":80}},{"start":{"line":43,"column":6},"end":{"line":44,"column":80}}],"line":43},"3":{"loc":{"start":{"line":43,"column":10},"end":{"line":43,"column":36}},"type":"binary-expr","locations":[{"start":{"line":43,"column":10},"end":{"line":43,"column":16}},{"start":{"line":43,"column":20},"end":{"line":43,"column":36}}],"line":43},"4":{"loc":{"start":{"line":52,"column":4},"end":{"line":63,"column":5}},"type":"if","locations":[{"start":{"line":52,"column":4},"end":{"line":63,"column":5}},{"start":{"line":52,"column":4},"end":{"line":63,"column":5}}],"line":52}},"s":{"0":1,"1":14,"2":14,"3":14,"4":14,"5":4,"6":0,"7":4,"8":1,"9":3,"10":4,"11":1,"12":3,"13":14,"14":14,"15":1,"16":1,"17":1,"18":1,"19":1,"20":14,"21":1,"22":4,"23":4,"24":4,"25":4,"26":1},"f":{"0":14,"1":4,"2":4,"3":1,"4":1,"5":1,"6":4,"7":4},"b":{"0":[0,4],"1":[1,3],"2":[1,3],"3":[4,4],"4":[1,0]},"_coverageSchema":"1a1c01bbd47fc00a2c39e90264f33305004495a9","hash":"46b60f2c93e1a503946da093921e130fa6db2d22"}
,"/Users/felipetorresmagalhaes/Documents/ACELERA/projeto/carango-bom-base/src/pages/marca/CadastroMarca.jsx": {"path":"/Users/felipetorresmagalhaes/Documents/ACELERA/projeto/carango-bom-base/src/pages/marca/CadastroMarca.jsx","statementMap":{"0":{"start":{"line":11,"column":28},"end":{"line":11,"column":40}},"1":{"start":{"line":13,"column":18},"end":{"line":13,"column":30}},"2":{"start":{"line":15,"column":17},"end":{"line":15,"column":28}},"3":{"start":{"line":17,"column":21},"end":{"line":27,"column":3}},"4":{"start":{"line":19,"column":6},"end":{"line":25,"column":7}},"5":{"start":{"line":20,"column":8},"end":{"line":20,"column":51}},"6":{"start":{"line":21,"column":13},"end":{"line":25,"column":7}},"7":{"start":{"line":22,"column":8},"end":{"line":22,"column":77}},"8":{"start":{"line":24,"column":8},"end":{"line":24,"column":32}},"9":{"start":{"line":29,"column":46},"end":{"line":29,"column":66}},"10":{"start":{"line":32,"column":4},"end":{"line":32,"column":21}},"11":{"start":{"line":35,"column":26},"end":{"line":49,"column":3}},"12":{"start":{"line":36,"column":26},"end":{"line":36,"column":28}},"13":{"start":{"line":37,"column":4},"end":{"line":47,"column":5}},"14":{"start":{"line":38,"column":6},"end":{"line":44,"column":8}},"15":{"start":{"line":46,"column":6},"end":{"line":46,"column":62}},"16":{"start":{"line":48,"column":4},"end":{"line":48,"column":27}},"17":{"start":{"line":51,"column":2},"end":{"line":55,"column":11}},"18":{"start":{"line":52,"column":4},"end":{"line":54,"column":5}},"19":{"start":{"line":53,"column":6},"end":{"line":53,"column":71}},"20":{"start":{"line":53,"column":49},"end":{"line":53,"column":69}},"21":{"start":{"line":57,"column":2},"end":{"line":115,"column":4}},"22":{"start":{"line":60,"column":8},"end":{"line":60,"column":31}},"23":{"start":{"line":61,"column":8},"end":{"line":82,"column":9}},"24":{"start":{"line":62,"column":10},"end":{"line":81,"column":11}},"25":{"start":{"line":63,"column":12},"end":{"line":70,"column":15}},"26":{"start":{"line":64,"column":28},"end":{"line":64,"column":53}},"27":{"start":{"line":65,"column":14},"end":{"line":69,"column":15}},"28":{"start":{"line":66,"column":16},"end":{"line":66,"column":37}},"29":{"start":{"line":68,"column":16},"end":{"line":68,"column":33}},"30":{"start":{"line":72,"column":12},"end":{"line":80,"column":15}},"31":{"start":{"line":73,"column":28},"end":{"line":73,"column":53}},"32":{"start":{"line":74,"column":14},"end":{"line":79,"column":15}},"33":{"start":{"line":75,"column":16},"end":{"line":75,"column":37}},"34":{"start":{"line":77,"column":16},"end":{"line":77,"column":29}},"35":{"start":{"line":78,"column":16},"end":{"line":78,"column":33}},"36":{"start":{"line":87,"column":27},"end":{"line":87,"column":53}}},"fnMap":{"0":{"name":"CadastroMarca","decl":{"start":{"line":10,"column":9},"end":{"line":10,"column":22}},"loc":{"start":{"line":10,"column":25},"end":{"line":116,"column":1}},"line":10},"1":{"name":"(anonymous_1)","decl":{"start":{"line":18,"column":11},"end":{"line":18,"column":12}},"loc":{"start":{"line":18,"column":21},"end":{"line":26,"column":5}},"line":18},"2":{"name":"cancelar","decl":{"start":{"line":31,"column":11},"end":{"line":31,"column":19}},"loc":{"start":{"line":31,"column":22},"end":{"line":33,"column":3}},"line":31},"3":{"name":"(anonymous_3)","decl":{"start":{"line":35,"column":26},"end":{"line":35,"column":27}},"loc":{"start":{"line":35,"column":40},"end":{"line":49,"column":3}},"line":35},"4":{"name":"(anonymous_4)","decl":{"start":{"line":51,"column":12},"end":{"line":51,"column":13}},"loc":{"start":{"line":51,"column":18},"end":{"line":55,"column":3}},"line":51},"5":{"name":"(anonymous_5)","decl":{"start":{"line":53,"column":38},"end":{"line":53,"column":39}},"loc":{"start":{"line":53,"column":49},"end":{"line":53,"column":69}},"line":53},"6":{"name":"(anonymous_6)","decl":{"start":{"line":59,"column":16},"end":{"line":59,"column":17}},"loc":{"start":{"line":59,"column":27},"end":{"line":83,"column":7}},"line":59},"7":{"name":"(anonymous_7)","decl":{"start":{"line":63,"column":59},"end":{"line":63,"column":60}},"loc":{"start":{"line":63,"column":73},"end":{"line":70,"column":13}},"line":63},"8":{"name":"(anonymous_8)","decl":{"start":{"line":72,"column":57},"end":{"line":72,"column":58}},"loc":{"start":{"line":72,"column":71},"end":{"line":80,"column":13}},"line":72},"9":{"name":"(anonymous_9)","decl":{"start":{"line":87,"column":18},"end":{"line":87,"column":19}},"loc":{"start":{"line":87,"column":27},"end":{"line":87,"column":53}},"line":87}},"branchMap":{"0":{"loc":{"start":{"line":19,"column":6},"end":{"line":25,"column":7}},"type":"if","locations":[{"start":{"line":19,"column":6},"end":{"line":25,"column":7}},{"start":{"line":19,"column":6},"end":{"line":25,"column":7}}],"line":19},"1":{"loc":{"start":{"line":19,"column":10},"end":{"line":19,"column":27}},"type":"binary-expr","locations":[{"start":{"line":19,"column":10},"end":{"line":19,"column":14}},{"start":{"line":19,"column":18},"end":{"line":19,"column":27}}],"line":19},"2":{"loc":{"start":{"line":21,"column":13},"end":{"line":25,"column":7}},"type":"if","locations":[{"start":{"line":21,"column":13},"end":{"line":25,"column":7}},{"start":{"line":21,"column":13},"end":{"line":25,"column":7}}],"line":21},"3":{"loc":{"start":{"line":21,"column":17},"end":{"line":21,"column":40}},"type":"binary-expr","locations":[{"start":{"line":21,"column":17},"end":{"line":21,"column":21}},{"start":{"line":21,"column":25},"end":{"line":21,"column":40}}],"line":21},"4":{"loc":{"start":{"line":37,"column":4},"end":{"line":47,"column":5}},"type":"if","locations":[{"start":{"line":37,"column":4},"end":{"line":47,"column":5}},{"start":{"line":37,"column":4},"end":{"line":47,"column":5}}],"line":37},"5":{"loc":{"start":{"line":52,"column":4},"end":{"line":54,"column":5}},"type":"if","locations":[{"start":{"line":52,"column":4},"end":{"line":54,"column":5}},{"start":{"line":52,"column":4},"end":{"line":54,"column":5}}],"line":52},"6":{"loc":{"start":{"line":61,"column":8},"end":{"line":82,"column":9}},"type":"if","locations":[{"start":{"line":61,"column":8},"end":{"line":82,"column":9}},{"start":{"line":61,"column":8},"end":{"line":82,"column":9}}],"line":61},"7":{"loc":{"start":{"line":62,"column":10},"end":{"line":81,"column":11}},"type":"if","locations":[{"start":{"line":62,"column":10},"end":{"line":81,"column":11}},{"start":{"line":62,"column":10},"end":{"line":81,"column":11}}],"line":62},"8":{"loc":{"start":{"line":65,"column":14},"end":{"line":69,"column":15}},"type":"if","locations":[{"start":{"line":65,"column":14},"end":{"line":69,"column":15}},{"start":{"line":65,"column":14},"end":{"line":69,"column":15}}],"line":65},"9":{"loc":{"start":{"line":74,"column":14},"end":{"line":79,"column":15}},"type":"if","locations":[{"start":{"line":74,"column":14},"end":{"line":79,"column":15}},{"start":{"line":74,"column":14},"end":{"line":79,"column":15}}],"line":74},"10":{"loc":{"start":{"line":108,"column":9},"end":{"line":108,"column":37}},"type":"cond-expr","locations":[{"start":{"line":108,"column":14},"end":{"line":108,"column":23}},{"start":{"line":108,"column":26},"end":{"line":108,"column":37}}],"line":108}},"s":{"0":21,"1":21,"2":21,"3":21,"4":2,"5":0,"6":2,"7":2,"8":0,"9":21,"10":1,"11":21,"12":2,"13":2,"14":0,"15":2,"16":2,"17":21,"18":10,"19":4,"20":4,"21":21,"22":2,"23":2,"24":2,"25":1,"26":1,"27":1,"28":0,"29":1,"30":1,"31":1,"32":1,"33":0,"34":1,"35":1,"36":4},"f":{"0":21,"1":2,"2":1,"3":2,"4":10,"5":4,"6":2,"7":1,"8":1,"9":4},"b":{"0":[0,2],"1":[2,2],"2":[2,0],"3":[2,2],"4":[0,2],"5":[4,6],"6":[2,0],"7":[1,1],"8":[0,1],"9":[0,1],"10":[11,10]},"_coverageSchema":"1a1c01bbd47fc00a2c39e90264f33305004495a9","hash":"163b9ec557240a904a2e65621900f3ac7f56f2ed"}
,"/Users/felipetorresmagalhaes/Documents/ACELERA/projeto/carango-bom-base/src/pages/marca/ListagemMarcas.jsx": {"path":"/Users/felipetorresmagalhaes/Documents/ACELERA/projeto/carango-bom-base/src/pages/marca/ListagemMarcas.jsx","statementMap":{"0":{"start":{"line":15,"column":16},"end":{"line":15,"column":68}},"1":{"start":{"line":18,"column":30},"end":{"line":18,"column":42}},"2":{"start":{"line":19,"column":50},"end":{"line":19,"column":64}},"3":{"start":{"line":20,"column":18},"end":{"line":20,"column":30}},"4":{"start":{"line":23,"column":4},"end":{"line":23,"column":60}},"5":{"start":{"line":27,"column":4},"end":{"line":30,"column":7}},"6":{"start":{"line":28,"column":6},"end":{"line":28,"column":32}},"7":{"start":{"line":29,"column":6},"end":{"line":29,"column":23}},"8":{"start":{"line":33,"column":2},"end":{"line":33,"column":40}},"9":{"start":{"line":33,"column":18},"end":{"line":33,"column":34}},"10":{"start":{"line":36,"column":4},"end":{"line":40,"column":7}},"11":{"start":{"line":37,"column":6},"end":{"line":39,"column":7}},"12":{"start":{"line":38,"column":8},"end":{"line":38,"column":25}},"13":{"start":{"line":43,"column":2},"end":{"line":80,"column":4}},"14":{"start":{"line":49,"column":10},"end":{"line":49,"column":49}},"15":{"start":{"line":58,"column":25},"end":{"line":58,"column":34}},"16":{"start":{"line":66,"column":25},"end":{"line":66,"column":34}},"17":{"start":{"line":75,"column":23},"end":{"line":75,"column":54}}},"fnMap":{"0":{"name":"ListagemMarcas","decl":{"start":{"line":17,"column":9},"end":{"line":17,"column":23}},"loc":{"start":{"line":17,"column":26},"end":{"line":81,"column":1}},"line":17},"1":{"name":"alterar","decl":{"start":{"line":22,"column":11},"end":{"line":22,"column":18}},"loc":{"start":{"line":22,"column":21},"end":{"line":24,"column":3}},"line":22},"2":{"name":"excluir","decl":{"start":{"line":26,"column":11},"end":{"line":26,"column":18}},"loc":{"start":{"line":26,"column":21},"end":{"line":31,"column":3}},"line":26},"3":{"name":"(anonymous_3)","decl":{"start":{"line":27,"column":48},"end":{"line":27,"column":49}},"loc":{"start":{"line":27,"column":54},"end":{"line":30,"column":5}},"line":27},"4":{"name":"(anonymous_4)","decl":{"start":{"line":33,"column":12},"end":{"line":33,"column":13}},"loc":{"start":{"line":33,"column":18},"end":{"line":33,"column":34}},"line":33},"5":{"name":"carregarMarcas","decl":{"start":{"line":35,"column":11},"end":{"line":35,"column":25}},"loc":{"start":{"line":35,"column":28},"end":{"line":41,"column":3}},"line":35},"6":{"name":"(anonymous_6)","decl":{"start":{"line":36,"column":31},"end":{"line":36,"column":32}},"loc":{"start":{"line":36,"column":42},"end":{"line":40,"column":5}},"line":36},"7":{"name":"(anonymous_7)","decl":{"start":{"line":48,"column":23},"end":{"line":48,"column":24}},"loc":{"start":{"line":49,"column":10},"end":{"line":49,"column":49}},"line":49},"8":{"name":"(anonymous_8)","decl":{"start":{"line":58,"column":19},"end":{"line":58,"column":20}},"loc":{"start":{"line":58,"column":25},"end":{"line":58,"column":34}},"line":58},"9":{"name":"(anonymous_9)","decl":{"start":{"line":66,"column":19},"end":{"line":66,"column":20}},"loc":{"start":{"line":66,"column":25},"end":{"line":66,"column":34}},"line":66},"10":{"name":"(anonymous_10)","decl":{"start":{"line":75,"column":17},"end":{"line":75,"column":18}},"loc":{"start":{"line":75,"column":23},"end":{"line":75,"column":54}},"line":75}},"branchMap":{"0":{"loc":{"start":{"line":37,"column":6},"end":{"line":39,"column":7}},"type":"if","locations":[{"start":{"line":37,"column":6},"end":{"line":39,"column":7}},{"start":{"line":37,"column":6},"end":{"line":39,"column":7}}],"line":37}},"s":{"0":1,"1":34,"2":34,"3":34,"4":1,"5":1,"6":1,"7":1,"8":34,"9":14,"10":15,"11":15,"12":15,"13":34,"14":4,"15":1,"16":1,"17":1},"f":{"0":34,"1":1,"2":1,"3":1,"4":14,"5":15,"6":15,"7":4,"8":1,"9":1,"10":1},"b":{"0":[15,0]},"_coverageSchema":"1a1c01bbd47fc00a2c39e90264f33305004495a9","hash":"2b1c0ec38d7d6f0ddf4d72e473f67b55d645a66c"}
,"/Users/felipetorresmagalhaes/Documents/ACELERA/projeto/carango-bom-base/src/pages/veiculo/CadastroVeiculo.jsx": {"path":"/Users/felipetorresmagalhaes/Documents/ACELERA/projeto/carango-bom-base/src/pages/veiculo/CadastroVeiculo.jsx","statementMap":{"0":{"start":{"line":12,"column":24},"end":{"line":222,"column":1}},"1":{"start":{"line":13,"column":30},"end":{"line":13,"column":42}},"2":{"start":{"line":14,"column":50},"end":{"line":14,"column":62}},"3":{"start":{"line":15,"column":30},"end":{"line":15,"column":42}},"4":{"start":{"line":16,"column":24},"end":{"line":16,"column":36}},"5":{"start":{"line":17,"column":28},"end":{"line":17,"column":40}},"6":{"start":{"line":19,"column":18},"end":{"line":19,"column":30}},"7":{"start":{"line":21,"column":17},"end":{"line":21,"column":28}},"8":{"start":{"line":23,"column":21},"end":{"line":54,"column":3}},"9":{"start":{"line":25,"column":6},"end":{"line":26,"column":61}},"10":{"start":{"line":26,"column":8},"end":{"line":26,"column":61}},"11":{"start":{"line":27,"column":6},"end":{"line":28,"column":76}},"12":{"start":{"line":28,"column":8},"end":{"line":28,"column":76}},"13":{"start":{"line":29,"column":6},"end":{"line":29,"column":30}},"14":{"start":{"line":32,"column":6},"end":{"line":33,"column":61}},"15":{"start":{"line":33,"column":8},"end":{"line":33,"column":61}},"16":{"start":{"line":34,"column":6},"end":{"line":35,"column":77}},"17":{"start":{"line":35,"column":8},"end":{"line":35,"column":77}},"18":{"start":{"line":36,"column":6},"end":{"line":36,"column":30}},"19":{"start":{"line":39,"column":6},"end":{"line":40,"column":61}},"20":{"start":{"line":40,"column":8},"end":{"line":40,"column":61}},"21":{"start":{"line":41,"column":6},"end":{"line":42,"column":66}},"22":{"start":{"line":42,"column":8},"end":{"line":42,"column":66}},"23":{"start":{"line":43,"column":6},"end":{"line":43,"column":30}},"24":{"start":{"line":46,"column":6},"end":{"line":47,"column":61}},"25":{"start":{"line":47,"column":8},"end":{"line":47,"column":61}},"26":{"start":{"line":48,"column":6},"end":{"line":49,"column":67}},"27":{"start":{"line":49,"column":8},"end":{"line":49,"column":67}},"28":{"start":{"line":50,"column":6},"end":{"line":51,"column":73}},"29":{"start":{"line":51,"column":8},"end":{"line":51,"column":73}},"30":{"start":{"line":52,"column":6},"end":{"line":52,"column":30}},"31":{"start":{"line":56,"column":46},"end":{"line":56,"column":66}},"32":{"start":{"line":58,"column":2},"end":{"line":73,"column":11}},"33":{"start":{"line":59,"column":4},"end":{"line":70,"column":7}},"34":{"start":{"line":60,"column":6},"end":{"line":60,"column":23}},"35":{"start":{"line":62,"column":6},"end":{"line":69,"column":7}},"36":{"start":{"line":63,"column":8},"end":{"line":68,"column":11}},"37":{"start":{"line":64,"column":10},"end":{"line":64,"column":37}},"38":{"start":{"line":65,"column":10},"end":{"line":65,"column":28}},"39":{"start":{"line":66,"column":10},"end":{"line":66,"column":22}},"40":{"start":{"line":67,"column":10},"end":{"line":67,"column":26}},"41":{"start":{"line":72,"column":4},"end":{"line":72,"column":31}},"42":{"start":{"line":72,"column":17},"end":{"line":72,"column":30}},"43":{"start":{"line":75,"column":19},"end":{"line":75,"column":41}},"44":{"start":{"line":75,"column":25},"end":{"line":75,"column":41}},"45":{"start":{"line":77,"column":27},"end":{"line":81,"column":3}},"46":{"start":{"line":78,"column":4},"end":{"line":80,"column":7}},"47":{"start":{"line":79,"column":6},"end":{"line":79,"column":23}},"48":{"start":{"line":83,"column":25},"end":{"line":87,"column":3}},"49":{"start":{"line":84,"column":4},"end":{"line":86,"column":7}},"50":{"start":{"line":85,"column":6},"end":{"line":85,"column":23}},"51":{"start":{"line":89,"column":36},"end":{"line":100,"column":3}},"52":{"start":{"line":90,"column":4},"end":{"line":90,"column":27}},"53":{"start":{"line":92,"column":4},"end":{"line":92,"column":31}},"54":{"start":{"line":92,"column":24},"end":{"line":92,"column":31}},"55":{"start":{"line":94,"column":20},"end":{"line":94,"column":67}},"56":{"start":{"line":96,"column":4},"end":{"line":99,"column":37}},"57":{"start":{"line":97,"column":6},"end":{"line":97,"column":22}},"58":{"start":{"line":98,"column":6},"end":{"line":98,"column":30}},"59":{"start":{"line":99,"column":11},"end":{"line":99,"column":37}},"60":{"start":{"line":102,"column":27},"end":{"line":107,"column":6}},"61":{"start":{"line":103,"column":4},"end":{"line":107,"column":6}},"62":{"start":{"line":104,"column":6},"end":{"line":106,"column":17}},"63":{"start":{"line":109,"column":2},"end":{"line":221,"column":4}},"64":{"start":{"line":114,"column":33},"end":{"line":114,"column":65}},"65":{"start":{"line":118,"column":12},"end":{"line":118,"column":50}},"66":{"start":{"line":119,"column":12},"end":{"line":119,"column":31}},"67":{"start":{"line":143,"column":12},"end":{"line":143,"column":40}},"68":{"start":{"line":144,"column":12},"end":{"line":144,"column":31}},"69":{"start":{"line":163,"column":12},"end":{"line":163,"column":37}},"70":{"start":{"line":164,"column":12},"end":{"line":164,"column":31}},"71":{"start":{"line":183,"column":12},"end":{"line":183,"column":39}},"72":{"start":{"line":184,"column":12},"end":{"line":184,"column":31}}},"fnMap":{"0":{"name":"(anonymous_0)","decl":{"start":{"line":12,"column":24},"end":{"line":12,"column":25}},"loc":{"start":{"line":12,"column":30},"end":{"line":222,"column":1}},"line":12},"1":{"name":"(anonymous_1)","decl":{"start":{"line":24,"column":11},"end":{"line":24,"column":12}},"loc":{"start":{"line":24,"column":21},"end":{"line":30,"column":5}},"line":24},"2":{"name":"(anonymous_2)","decl":{"start":{"line":31,"column":12},"end":{"line":31,"column":13}},"loc":{"start":{"line":31,"column":22},"end":{"line":37,"column":5}},"line":31},"3":{"name":"(anonymous_3)","decl":{"start":{"line":38,"column":9},"end":{"line":38,"column":10}},"loc":{"start":{"line":38,"column":19},"end":{"line":44,"column":5}},"line":38},"4":{"name":"(anonymous_4)","decl":{"start":{"line":45,"column":11},"end":{"line":45,"column":12}},"loc":{"start":{"line":45,"column":21},"end":{"line":53,"column":5}},"line":45},"5":{"name":"(anonymous_5)","decl":{"start":{"line":58,"column":12},"end":{"line":58,"column":13}},"loc":{"start":{"line":58,"column":18},"end":{"line":73,"column":3}},"line":58},"6":{"name":"(anonymous_6)","decl":{"start":{"line":59,"column":31},"end":{"line":59,"column":32}},"loc":{"start":{"line":59,"column":42},"end":{"line":70,"column":5}},"line":59},"7":{"name":"(anonymous_7)","decl":{"start":{"line":63,"column":42},"end":{"line":63,"column":43}},"loc":{"start":{"line":63,"column":77},"end":{"line":68,"column":9}},"line":63},"8":{"name":"(anonymous_8)","decl":{"start":{"line":72,"column":11},"end":{"line":72,"column":12}},"loc":{"start":{"line":72,"column":17},"end":{"line":72,"column":30}},"line":72},"9":{"name":"(anonymous_9)","decl":{"start":{"line":75,"column":19},"end":{"line":75,"column":20}},"loc":{"start":{"line":75,"column":25},"end":{"line":75,"column":41}},"line":75},"10":{"name":"(anonymous_10)","decl":{"start":{"line":77,"column":27},"end":{"line":77,"column":28}},"loc":{"start":{"line":77,"column":40},"end":{"line":81,"column":3}},"line":77},"11":{"name":"(anonymous_11)","decl":{"start":{"line":78,"column":43},"end":{"line":78,"column":44}},"loc":{"start":{"line":78,"column":49},"end":{"line":80,"column":5}},"line":78},"12":{"name":"(anonymous_12)","decl":{"start":{"line":83,"column":25},"end":{"line":83,"column":26}},"loc":{"start":{"line":83,"column":38},"end":{"line":87,"column":3}},"line":83},"13":{"name":"(anonymous_13)","decl":{"start":{"line":84,"column":41},"end":{"line":84,"column":42}},"loc":{"start":{"line":84,"column":47},"end":{"line":86,"column":5}},"line":84},"14":{"name":"(anonymous_14)","decl":{"start":{"line":89,"column":36},"end":{"line":89,"column":37}},"loc":{"start":{"line":89,"column":47},"end":{"line":100,"column":3}},"line":89},"15":{"name":"(anonymous_15)","decl":{"start":{"line":102,"column":27},"end":{"line":102,"column":28}},"loc":{"start":{"line":103,"column":4},"end":{"line":107,"column":6}},"line":103},"16":{"name":"(anonymous_16)","decl":{"start":{"line":103,"column":15},"end":{"line":103,"column":16}},"loc":{"start":{"line":104,"column":6},"end":{"line":106,"column":17}},"line":104},"17":{"name":"(anonymous_17)","decl":{"start":{"line":114,"column":22},"end":{"line":114,"column":23}},"loc":{"start":{"line":114,"column":33},"end":{"line":114,"column":65}},"line":114},"18":{"name":"(anonymous_18)","decl":{"start":{"line":117,"column":20},"end":{"line":117,"column":21}},"loc":{"start":{"line":117,"column":29},"end":{"line":120,"column":11}},"line":117},"19":{"name":"(anonymous_19)","decl":{"start":{"line":142,"column":20},"end":{"line":142,"column":21}},"loc":{"start":{"line":142,"column":29},"end":{"line":145,"column":11}},"line":142},"20":{"name":"(anonymous_20)","decl":{"start":{"line":162,"column":20},"end":{"line":162,"column":21}},"loc":{"start":{"line":162,"column":29},"end":{"line":165,"column":11}},"line":162},"21":{"name":"(anonymous_21)","decl":{"start":{"line":182,"column":20},"end":{"line":182,"column":21}},"loc":{"start":{"line":182,"column":29},"end":{"line":185,"column":11}},"line":182}},"branchMap":{"0":{"loc":{"start":{"line":25,"column":6},"end":{"line":26,"column":61}},"type":"if","locations":[{"start":{"line":25,"column":6},"end":{"line":26,"column":61}},{"start":{"line":25,"column":6},"end":{"line":26,"column":61}}],"line":25},"1":{"loc":{"start":{"line":25,"column":10},"end":{"line":25,"column":31}},"type":"binary-expr","locations":[{"start":{"line":25,"column":10},"end":{"line":25,"column":15}},{"start":{"line":25,"column":19},"end":{"line":25,"column":31}}],"line":25},"2":{"loc":{"start":{"line":27,"column":6},"end":{"line":28,"column":76}},"type":"if","locations":[{"start":{"line":27,"column":6},"end":{"line":28,"column":76}},{"start":{"line":27,"column":6},"end":{"line":28,"column":76}}],"line":27},"3":{"loc":{"start":{"line":32,"column":6},"end":{"line":33,"column":61}},"type":"if","locations":[{"start":{"line":32,"column":6},"end":{"line":33,"column":61}},{"start":{"line":32,"column":6},"end":{"line":33,"column":61}}],"line":32},"4":{"loc":{"start":{"line":32,"column":10},"end":{"line":32,"column":31}},"type":"binary-expr","locations":[{"start":{"line":32,"column":10},"end":{"line":32,"column":15}},{"start":{"line":32,"column":19},"end":{"line":32,"column":31}}],"line":32},"5":{"loc":{"start":{"line":34,"column":6},"end":{"line":35,"column":77}},"type":"if","locations":[{"start":{"line":34,"column":6},"end":{"line":35,"column":77}},{"start":{"line":34,"column":6},"end":{"line":35,"column":77}}],"line":34},"6":{"loc":{"start":{"line":39,"column":6},"end":{"line":40,"column":61}},"type":"if","locations":[{"start":{"line":39,"column":6},"end":{"line":40,"column":61}},{"start":{"line":39,"column":6},"end":{"line":40,"column":61}}],"line":39},"7":{"loc":{"start":{"line":39,"column":10},"end":{"line":39,"column":31}},"type":"binary-expr","locations":[{"start":{"line":39,"column":10},"end":{"line":39,"column":15}},{"start":{"line":39,"column":19},"end":{"line":39,"column":31}}],"line":39},"8":{"loc":{"start":{"line":41,"column":6},"end":{"line":42,"column":66}},"type":"if","locations":[{"start":{"line":41,"column":6},"end":{"line":42,"column":66}},{"start":{"line":41,"column":6},"end":{"line":42,"column":66}}],"line":41},"9":{"loc":{"start":{"line":41,"column":10},"end":{"line":41,"column":41}},"type":"binary-expr","locations":[{"start":{"line":41,"column":10},"end":{"line":41,"column":26}},{"start":{"line":41,"column":30},"end":{"line":41,"column":41}}],"line":41},"10":{"loc":{"start":{"line":46,"column":6},"end":{"line":47,"column":61}},"type":"if","locations":[{"start":{"line":46,"column":6},"end":{"line":47,"column":61}},{"start":{"line":46,"column":6},"end":{"line":47,"column":61}}],"line":46},"11":{"loc":{"start":{"line":46,"column":10},"end":{"line":46,"column":31}},"type":"binary-expr","locations":[{"start":{"line":46,"column":10},"end":{"line":46,"column":15}},{"start":{"line":46,"column":19},"end":{"line":46,"column":31}}],"line":46},"12":{"loc":{"start":{"line":48,"column":6},"end":{"line":49,"column":67}},"type":"if","locations":[{"start":{"line":48,"column":6},"end":{"line":49,"column":67}},{"start":{"line":48,"column":6},"end":{"line":49,"column":67}}],"line":48},"13":{"loc":{"start":{"line":50,"column":6},"end":{"line":51,"column":73}},"type":"if","locations":[{"start":{"line":50,"column":6},"end":{"line":51,"column":73}},{"start":{"line":50,"column":6},"end":{"line":51,"column":73}}],"line":50},"14":{"loc":{"start":{"line":62,"column":6},"end":{"line":69,"column":7}},"type":"if","locations":[{"start":{"line":62,"column":6},"end":{"line":69,"column":7}},{"start":{"line":62,"column":6},"end":{"line":69,"column":7}}],"line":62},"15":{"loc":{"start":{"line":92,"column":4},"end":{"line":92,"column":31}},"type":"if","locations":[{"start":{"line":92,"column":4},"end":{"line":92,"column":31}},{"start":{"line":92,"column":4},"end":{"line":92,"column":31}}],"line":92},"16":{"loc":{"start":{"line":96,"column":4},"end":{"line":99,"column":37}},"type":"if","locations":[{"start":{"line":96,"column":4},"end":{"line":99,"column":37}},{"start":{"line":96,"column":4},"end":{"line":99,"column":37}}],"line":96},"17":{"loc":{"start":{"line":112,"column":9},"end":{"line":112,"column":53}},"type":"cond-expr","locations":[{"start":{"line":112,"column":14},"end":{"line":112,"column":31}},{"start":{"line":112,"column":34},"end":{"line":112,"column":53}}],"line":112},"18":{"loc":{"start":{"line":216,"column":13},"end":{"line":216,"column":41}},"type":"cond-expr","locations":[{"start":{"line":216,"column":18},"end":{"line":216,"column":27}},{"start":{"line":216,"column":30},"end":{"line":216,"column":41}}],"line":216}},"s":{"0":1,"1":46,"2":46,"3":46,"4":46,"5":46,"6":46,"7":46,"8":46,"9":0,"10":0,"11":0,"12":0,"13":0,"14":5,"15":3,"16":2,"17":0,"18":2,"19":2,"20":0,"21":2,"22":0,"23":2,"24":3,"25":0,"26":3,"27":0,"28":3,"29":0,"30":3,"31":46,"32":46,"33":10,"34":10,"35":10,"36":4,"37":4,"38":4,"39":4,"40":4,"41":10,"42":10,"43":46,"44":1,"45":46,"46":1,"47":1,"48":46,"49":1,"50":1,"51":46,"52":2,"53":2,"54":0,"55":2,"56":2,"57":1,"58":1,"59":1,"60":46,"61":46,"62":30,"63":46,"64":2,"65":0,"66":0,"67":3,"68":3,"69":2,"70":2,"71":3,"72":3},"f":{"0":46,"1":0,"2":5,"3":2,"4":3,"5":10,"6":10,"7":4,"8":10,"9":1,"10":1,"11":1,"12":1,"13":1,"14":2,"15":46,"16":30,"17":2,"18":0,"19":3,"20":2,"21":3},"b":{"0":[0,0],"1":[0,0],"2":[0,0],"3":[3,2],"4":[5,2],"5":[0,2],"6":[0,2],"7":[2,2],"8":[0,2],"9":[2,2],"10":[0,3],"11":[3,3],"12":[0,3],"13":[0,3],"14":[4,6],"15":[0,2],"16":[1,1],"17":[29,17],"18":[29,17]},"_coverageSchema":"1a1c01bbd47fc00a2c39e90264f33305004495a9","hash":"9b882f5cdee1f2cebf8280d8a7fdb0508e27cd86"}
,"/Users/felipetorresmagalhaes/Documents/ACELERA/projeto/carango-bom-base/src/pages/veiculo/ListagemVeiculos.jsx": {"path":"/Users/felipetorresmagalhaes/Documents/ACELERA/projeto/carango-bom-base/src/pages/veiculo/ListagemVeiculos.jsx","statementMap":{"0":{"start":{"line":18,"column":22},"end":{"line":27,"column":1}},"1":{"start":{"line":19,"column":2},"end":{"line":26,"column":4}},"2":{"start":{"line":29,"column":16},"end":{"line":43,"column":1}},"3":{"start":{"line":45,"column":25},"end":{"line":120,"column":1}},"4":{"start":{"line":46,"column":34},"end":{"line":46,"column":46}},"5":{"start":{"line":47,"column":54},"end":{"line":47,"column":68}},"6":{"start":{"line":48,"column":18},"end":{"line":48,"column":30}},"7":{"start":{"line":49,"column":29},"end":{"line":49,"column":59}},"8":{"start":{"line":51,"column":2},"end":{"line":51,"column":42}},"9":{"start":{"line":51,"column":18},"end":{"line":51,"column":36}},"10":{"start":{"line":53,"column":27},"end":{"line":57,"column":3}},"11":{"start":{"line":54,"column":4},"end":{"line":56,"column":7}},"12":{"start":{"line":55,"column":6},"end":{"line":55,"column":25}},"13":{"start":{"line":59,"column":25},"end":{"line":64,"column":3}},"14":{"start":{"line":60,"column":4},"end":{"line":63,"column":7}},"15":{"start":{"line":61,"column":6},"end":{"line":61,"column":34}},"16":{"start":{"line":62,"column":6},"end":{"line":62,"column":25}},"17":{"start":{"line":66,"column":25},"end":{"line":68,"column":3}},"18":{"start":{"line":67,"column":4},"end":{"line":67,"column":64}},"19":{"start":{"line":70,"column":22},"end":{"line":103,"column":3}},"20":{"start":{"line":71,"column":4},"end":{"line":101,"column":5}},"21":{"start":{"line":72,"column":6},"end":{"line":100,"column":8}},"22":{"start":{"line":79,"column":29},"end":{"line":79,"column":45}},"23":{"start":{"line":87,"column":29},"end":{"line":87,"column":45}},"24":{"start":{"line":95,"column":27},"end":{"line":95,"column":60}},"25":{"start":{"line":102,"column":4},"end":{"line":102,"column":17}},"26":{"start":{"line":105,"column":2},"end":{"line":119,"column":4}},"27":{"start":{"line":114,"column":10},"end":{"line":114,"column":51}}},"fnMap":{"0":{"name":"(anonymous_0)","decl":{"start":{"line":18,"column":22},"end":{"line":18,"column":23}},"loc":{"start":{"line":19,"column":2},"end":{"line":26,"column":4}},"line":19},"1":{"name":"(anonymous_1)","decl":{"start":{"line":45,"column":25},"end":{"line":45,"column":26}},"loc":{"start":{"line":45,"column":31},"end":{"line":120,"column":1}},"line":45},"2":{"name":"(anonymous_2)","decl":{"start":{"line":51,"column":12},"end":{"line":51,"column":13}},"loc":{"start":{"line":51,"column":18},"end":{"line":51,"column":36}},"line":51},"3":{"name":"(anonymous_3)","decl":{"start":{"line":53,"column":27},"end":{"line":53,"column":28}},"loc":{"start":{"line":53,"column":33},"end":{"line":57,"column":3}},"line":53},"4":{"name":"(anonymous_4)","decl":{"start":{"line":54,"column":33},"end":{"line":54,"column":34}},"loc":{"start":{"line":54,"column":44},"end":{"line":56,"column":5}},"line":54},"5":{"name":"(anonymous_5)","decl":{"start":{"line":59,"column":25},"end":{"line":59,"column":26}},"loc":{"start":{"line":59,"column":31},"end":{"line":64,"column":3}},"line":59},"6":{"name":"(anonymous_6)","decl":{"start":{"line":60,"column":52},"end":{"line":60,"column":53}},"loc":{"start":{"line":60,"column":58},"end":{"line":63,"column":5}},"line":60},"7":{"name":"(anonymous_7)","decl":{"start":{"line":66,"column":25},"end":{"line":66,"column":26}},"loc":{"start":{"line":66,"column":31},"end":{"line":68,"column":3}},"line":66},"8":{"name":"(anonymous_8)","decl":{"start":{"line":70,"column":22},"end":{"line":70,"column":23}},"loc":{"start":{"line":70,"column":28},"end":{"line":103,"column":3}},"line":70},"9":{"name":"(anonymous_9)","decl":{"start":{"line":79,"column":23},"end":{"line":79,"column":24}},"loc":{"start":{"line":79,"column":29},"end":{"line":79,"column":45}},"line":79},"10":{"name":"(anonymous_10)","decl":{"start":{"line":87,"column":23},"end":{"line":87,"column":24}},"loc":{"start":{"line":87,"column":29},"end":{"line":87,"column":45}},"line":87},"11":{"name":"(anonymous_11)","decl":{"start":{"line":95,"column":21},"end":{"line":95,"column":22}},"loc":{"start":{"line":95,"column":27},"end":{"line":95,"column":60}},"line":95},"12":{"name":"(anonymous_12)","decl":{"start":{"line":113,"column":23},"end":{"line":113,"column":24}},"loc":{"start":{"line":114,"column":10},"end":{"line":114,"column":51}},"line":114}},"branchMap":{"0":{"loc":{"start":{"line":71,"column":4},"end":{"line":101,"column":5}},"type":"if","locations":[{"start":{"line":71,"column":4},"end":{"line":101,"column":5}},{"start":{"line":71,"column":4},"end":{"line":101,"column":5}}],"line":71}},"s":{"0":1,"1":0,"2":1,"3":1,"4":27,"5":27,"6":27,"7":27,"8":27,"9":11,"10":27,"11":12,"12":12,"13":27,"14":1,"15":1,"16":1,"17":27,"18":1,"19":27,"20":27,"21":21,"22":1,"23":1,"24":1,"25":6,"26":27,"27":3},"f":{"0":0,"1":27,"2":11,"3":12,"4":12,"5":1,"6":1,"7":1,"8":27,"9":1,"10":1,"11":1,"12":3},"b":{"0":[21,6]},"_coverageSchema":"1a1c01bbd47fc00a2c39e90264f33305004495a9","hash":"114914344b8ad2dbdd09114a66d379b0688b8d49"}
,"/Users/felipetorresmagalhaes/Documents/ACELERA/projeto/carango-bom-base/src/services/AutenticacaoService.js": {"path":"/Users/felipetorresmagalhaes/Documents/ACELERA/projeto/carango-bom-base/src/services/AutenticacaoService.js","statementMap":{"0":{"start":{"line":1,"column":16},"end":{"line":1,"column":44}},"1":{"start":{"line":3,"column":16},"end":{"line":6,"column":2}},"2":{"start":{"line":8,"column":28},"end":{"line":16,"column":1}},"3":{"start":{"line":10,"column":4},"end":{"line":14,"column":43}},"4":{"start":{"line":14,"column":26},"end":{"line":14,"column":41}}},"fnMap":{"0":{"name":"(anonymous_0)","decl":{"start":{"line":9,"column":2},"end":{"line":9,"column":3}},"loc":{"start":{"line":9,"column":22},"end":{"line":15,"column":3}},"line":9},"1":{"name":"(anonymous_1)","decl":{"start":{"line":14,"column":12},"end":{"line":14,"column":13}},"loc":{"start":{"line":14,"column":26},"end":{"line":14,"column":41}},"line":14}},"branchMap":{},"s":{"0":1,"1":1,"2":1,"3":0,"4":0},"f":{"0":0,"1":0},"b":{},"_coverageSchema":"1a1c01bbd47fc00a2c39e90264f33305004495a9","hash":"6390b7d4ca30e5fc98d6b0e21e51e20cb225db13"}
,"/Users/felipetorresmagalhaes/Documents/ACELERA/projeto/carango-bom-base/src/services/MarcaService.js": {"path":"/Users/felipetorresmagalhaes/Documents/ACELERA/projeto/carango-bom-base/src/services/MarcaService.js","statementMap":{"0":{"start":{"line":3,"column":16},"end":{"line":3,"column":46}},"1":{"start":{"line":4,"column":16},"end":{"line":8,"column":4}},"2":{"start":{"line":5,"column":2},"end":{"line":8,"column":4}},"3":{"start":{"line":10,"column":21},"end":{"line":45,"column":1}},"4":{"start":{"line":12,"column":4},"end":{"line":16,"column":43}},"5":{"start":{"line":16,"column":26},"end":{"line":16,"column":41}},"6":{"start":{"line":20,"column":4},"end":{"line":24,"column":43}},"7":{"start":{"line":24,"column":26},"end":{"line":24,"column":41}},"8":{"start":{"line":28,"column":4},"end":{"line":30,"column":6}},"9":{"start":{"line":29,"column":6},"end":{"line":29,"column":21}},"10":{"start":{"line":34,"column":4},"end":{"line":36,"column":6}},"11":{"start":{"line":35,"column":6},"end":{"line":35,"column":21}},"12":{"start":{"line":40,"column":4},"end":{"line":43,"column":43}},"13":{"start":{"line":43,"column":26},"end":{"line":43,"column":41}}},"fnMap":{"0":{"name":"(anonymous_0)","decl":{"start":{"line":4,"column":16},"end":{"line":4,"column":17}},"loc":{"start":{"line":5,"column":2},"end":{"line":8,"column":4}},"line":5},"1":{"name":"(anonymous_1)","decl":{"start":{"line":11,"column":2},"end":{"line":11,"column":3}},"loc":{"start":{"line":11,"column":19},"end":{"line":17,"column":3}},"line":11},"2":{"name":"(anonymous_2)","decl":{"start":{"line":16,"column":12},"end":{"line":16,"column":13}},"loc":{"start":{"line":16,"column":26},"end":{"line":16,"column":41}},"line":16},"3":{"name":"(anonymous_3)","decl":{"start":{"line":19,"column":2},"end":{"line":19,"column":3}},"loc":{"start":{"line":19,"column":17},"end":{"line":25,"column":3}},"line":19},"4":{"name":"(anonymous_4)","decl":{"start":{"line":24,"column":12},"end":{"line":24,"column":13}},"loc":{"start":{"line":24,"column":26},"end":{"line":24,"column":41}},"line":24},"5":{"name":"(anonymous_5)","decl":{"start":{"line":27,"column":2},"end":{"line":27,"column":3}},"loc":{"start":{"line":27,"column":16},"end":{"line":31,"column":3}},"line":27},"6":{"name":"(anonymous_6)","decl":{"start":{"line":28,"column":66},"end":{"line":28,"column":67}},"loc":{"start":{"line":29,"column":6},"end":{"line":29,"column":21}},"line":29},"7":{"name":"(anonymous_7)","decl":{"start":{"line":33,"column":2},"end":{"line":33,"column":3}},"loc":{"start":{"line":33,"column":11},"end":{"line":37,"column":3}},"line":33},"8":{"name":"(anonymous_8)","decl":{"start":{"line":34,"column":55},"end":{"line":34,"column":56}},"loc":{"start":{"line":35,"column":6},"end":{"line":35,"column":21}},"line":35},"9":{"name":"(anonymous_9)","decl":{"start":{"line":39,"column":2},"end":{"line":39,"column":3}},"loc":{"start":{"line":39,"column":17},"end":{"line":44,"column":3}},"line":39},"10":{"name":"(anonymous_10)","decl":{"start":{"line":43,"column":12},"end":{"line":43,"column":13}},"loc":{"start":{"line":43,"column":26},"end":{"line":43,"column":41}},"line":43}},"branchMap":{},"s":{"0":3,"1":3,"2":0,"3":3,"4":0,"5":0,"6":0,"7":0,"8":0,"9":0,"10":0,"11":0,"12":0,"13":0},"f":{"0":0,"1":0,"2":0,"3":0,"4":0,"5":0,"6":0,"7":0,"8":0,"9":0,"10":0},"b":{},"_coverageSchema":"1a1c01bbd47fc00a2c39e90264f33305004495a9","hash":"e566cd868cd3fab4fa96d14e60a9c5512f16ab60"}
,"/Users/felipetorresmagalhaes/Documents/ACELERA/projeto/carango-bom-base/src/services/UsuarioService.js": {"path":"/Users/felipetorresmagalhaes/Documents/ACELERA/projeto/carango-bom-base/src/services/UsuarioService.js","statementMap":{"0":{"start":{"line":3,"column":16},"end":{"line":3,"column":48}},"1":{"start":{"line":4,"column":16},"end":{"line":8,"column":4}},"2":{"start":{"line":5,"column":2},"end":{"line":8,"column":4}},"3":{"start":{"line":10,"column":23},"end":{"line":39,"column":1}},"4":{"start":{"line":12,"column":4},"end":{"line":14,"column":6}},"5":{"start":{"line":13,"column":6},"end":{"line":13,"column":21}},"6":{"start":{"line":18,"column":4},"end":{"line":22,"column":43}},"7":{"start":{"line":22,"column":26},"end":{"line":22,"column":41}},"8":{"start":{"line":26,"column":4},"end":{"line":30,"column":43}},"9":{"start":{"line":30,"column":26},"end":{"line":30,"column":41}},"10":{"start":{"line":34,"column":4},"end":{"line":37,"column":43}},"11":{"start":{"line":37,"column":26},"end":{"line":37,"column":41}}},"fnMap":{"0":{"name":"(anonymous_0)","decl":{"start":{"line":4,"column":16},"end":{"line":4,"column":17}},"loc":{"start":{"line":5,"column":2},"end":{"line":8,"column":4}},"line":5},"1":{"name":"(anonymous_1)","decl":{"start":{"line":11,"column":2},"end":{"line":11,"column":3}},"loc":{"start":{"line":11,"column":11},"end":{"line":15,"column":3}},"line":11},"2":{"name":"(anonymous_2)","decl":{"start":{"line":12,"column":55},"end":{"line":12,"column":56}},"loc":{"start":{"line":13,"column":6},"end":{"line":13,"column":21}},"line":13},"3":{"name":"(anonymous_3)","decl":{"start":{"line":17,"column":2},"end":{"line":17,"column":3}},"loc":{"start":{"line":17,"column":21},"end":{"line":23,"column":3}},"line":17},"4":{"name":"(anonymous_4)","decl":{"start":{"line":22,"column":12},"end":{"line":22,"column":13}},"loc":{"start":{"line":22,"column":26},"end":{"line":22,"column":41}},"line":22},"5":{"name":"(anonymous_5)","decl":{"start":{"line":25,"column":2},"end":{"line":25,"column":3}},"loc":{"start":{"line":25,"column":24},"end":{"line":31,"column":3}},"line":25},"6":{"name":"(anonymous_6)","decl":{"start":{"line":30,"column":12},"end":{"line":30,"column":13}},"loc":{"start":{"line":30,"column":26},"end":{"line":30,"column":41}},"line":30},"7":{"name":"(anonymous_7)","decl":{"start":{"line":33,"column":2},"end":{"line":33,"column":3}},"loc":{"start":{"line":33,"column":19},"end":{"line":38,"column":3}},"line":33},"8":{"name":"(anonymous_8)","decl":{"start":{"line":37,"column":12},"end":{"line":37,"column":13}},"loc":{"start":{"line":37,"column":26},"end":{"line":37,"column":41}},"line":37}},"branchMap":{},"s":{"0":1,"1":1,"2":0,"3":1,"4":0,"5":0,"6":0,"7":0,"8":0,"9":0,"10":0,"11":0},"f":{"0":0,"1":0,"2":0,"3":0,"4":0,"5":0,"6":0,"7":0,"8":0},"b":{},"_coverageSchema":"1a1c01bbd47fc00a2c39e90264f33305004495a9","hash":"f7d5b42f2bfc4c93c0342b788a4883ba42802064"}
,"/Users/felipetorresmagalhaes/Documents/ACELERA/projeto/carango-bom-base/src/services/VeiculoService.js": {"path":"/Users/felipetorresmagalhaes/Documents/ACELERA/projeto/carango-bom-base/src/services/VeiculoService.js","statementMap":{"0":{"start":{"line":3,"column":16},"end":{"line":3,"column":48}},"1":{"start":{"line":4,"column":16},"end":{"line":8,"column":4}},"2":{"start":{"line":5,"column":2},"end":{"line":8,"column":4}},"3":{"start":{"line":10,"column":23},"end":{"line":45,"column":1}},"4":{"start":{"line":12,"column":4},"end":{"line":14,"column":6}},"5":{"start":{"line":13,"column":6},"end":{"line":13,"column":21}},"6":{"start":{"line":18,"column":4},"end":{"line":20,"column":6}},"7":{"start":{"line":19,"column":6},"end":{"line":19,"column":21}},"8":{"start":{"line":24,"column":4},"end":{"line":28,"column":43}},"9":{"start":{"line":28,"column":26},"end":{"line":28,"column":41}},"10":{"start":{"line":32,"column":4},"end":{"line":36,"column":43}},"11":{"start":{"line":36,"column":26},"end":{"line":36,"column":41}},"12":{"start":{"line":40,"column":4},"end":{"line":43,"column":43}},"13":{"start":{"line":43,"column":26},"end":{"line":43,"column":41}}},"fnMap":{"0":{"name":"(anonymous_0)","decl":{"start":{"line":4,"column":16},"end":{"line":4,"column":17}},"loc":{"start":{"line":5,"column":2},"end":{"line":8,"column":4}},"line":5},"1":{"name":"(anonymous_1)","decl":{"start":{"line":11,"column":2},"end":{"line":11,"column":3}},"loc":{"start":{"line":11,"column":11},"end":{"line":15,"column":3}},"line":11},"2":{"name":"(anonymous_2)","decl":{"start":{"line":12,"column":55},"end":{"line":12,"column":56}},"loc":{"start":{"line":13,"column":6},"end":{"line":13,"column":21}},"line":13},"3":{"name":"(anonymous_3)","decl":{"start":{"line":17,"column":2},"end":{"line":17,"column":3}},"loc":{"start":{"line":17,"column":16},"end":{"line":21,"column":3}},"line":17},"4":{"name":"(anonymous_4)","decl":{"start":{"line":18,"column":66},"end":{"line":18,"column":67}},"loc":{"start":{"line":19,"column":6},"end":{"line":19,"column":21}},"line":19},"5":{"name":"(anonymous_5)","decl":{"start":{"line":23,"column":2},"end":{"line":23,"column":3}},"loc":{"start":{"line":23,"column":21},"end":{"line":29,"column":3}},"line":23},"6":{"name":"(anonymous_6)","decl":{"start":{"line":28,"column":12},"end":{"line":28,"column":13}},"loc":{"start":{"line":28,"column":26},"end":{"line":28,"column":41}},"line":28},"7":{"name":"(anonymous_7)","decl":{"start":{"line":31,"column":2},"end":{"line":31,"column":3}},"loc":{"start":{"line":31,"column":19},"end":{"line":37,"column":3}},"line":31},"8":{"name":"(anonymous_8)","decl":{"start":{"line":36,"column":12},"end":{"line":36,"column":13}},"loc":{"start":{"line":36,"column":26},"end":{"line":36,"column":41}},"line":36},"9":{"name":"(anonymous_9)","decl":{"start":{"line":39,"column":2},"end":{"line":39,"column":3}},"loc":{"start":{"line":39,"column":19},"end":{"line":44,"column":3}},"line":39},"10":{"name":"(anonymous_10)","decl":{"start":{"line":43,"column":12},"end":{"line":43,"column":13}},"loc":{"start":{"line":43,"column":26},"end":{"line":43,"column":41}},"line":43}},"branchMap":{},"s":{"0":2,"1":2,"2":0,"3":2,"4":0,"5":0,"6":0,"7":0,"8":0,"9":0,"10":0,"11":0,"12":0,"13":0},"f":{"0":0,"1":0,"2":0,"3":0,"4":0,"5":0,"6":0,"7":0,"8":0,"9":0,"10":0},"b":{},"_coverageSchema":"1a1c01bbd47fc00a2c39e90264f33305004495a9","hash":"bcf23dab9a2aae11910503fcbbe1daf002932bb2"}
}
