TN:
SF:src/App.jsx
FN:35,(anonymous_0)
FN:50,App
FN:54,(anonymous_2)
FN:62,(anonymous_3)
FN:72,(anonymous_4)
FNF:5
FNH:0
FNDA:0,(anonymous_0)
FNDA:0,App
FNDA:0,(anonymous_2)
FNDA:0,(anonymous_3)
FNDA:0,(anonymous_4)
DA:24,0
DA:35,0
DA:51,0
DA:52,0
DA:54,0
DA:55,0
DA:56,0
DA:57,0
DA:58,0
DA:62,0
DA:63,0
DA:64,0
DA:65,0
DA:67,0
DA:69,0
DA:72,0
DA:73,0
DA:76,0
LF:18
LH:0
BRDA:57,0,0,0
BRDA:57,0,1,0
BRDA:57,1,0,0
BRDA:57,1,1,0
BRDA:63,2,0,0
BRDA:63,2,1,0
BRF:6
BRH:0
end_of_record
TN:
SF:src/Constants.js
FNF:0
FNH:0
DA:1,8
DA:2,8
DA:3,8
LF:3
LH:3
BRF:0
BRH:0
end_of_record
TN:
SF:src/index.js
FNF:0
FNH:0
DA:9,0
LF:1
LH:0
BRF:0
BRH:0
end_of_record
TN:
SF:src/assets/DataGridStyles.jsx
FN:3,(anonymous_0)
FNF:1
FNH:1
FNDA:33,(anonymous_0)
DA:3,33
LF:1
LH:1
BRF:0
BRH:0
end_of_record
TN:
SF:src/assets/GlobalStyles.jsx
FNF:0
FNH:0
DA:6,8
DA:11,8
DA:15,8
DA:20,8
DA:26,8
DA:33,8
DA:38,8
DA:43,8
DA:47,8
DA:53,8
LF:10
LH:10
BRF:0
BRH:0
end_of_record
TN:
SF:src/components/header/Header.jsx
FN:11,(anonymous_0)
FN:19,(anonymous_1)
FN:20,(anonymous_2)
FN:21,(anonymous_3)
FN:23,(anonymous_4)
FN:24,(anonymous_5)
FN:25,(anonymous_6)
FN:30,(anonymous_7)
FN:34,(anonymous_8)
FN:52,(anonymous_9)
FN:54,(anonymous_10)
FN:77,(anonymous_11)
FN:110,(anonymous_12)
FN:113,(anonymous_13)
FN:122,(anonymous_14)
FNF:15
FNH:15
FNDA:17,(anonymous_0)
FNDA:4,(anonymous_1)
FNDA:2,(anonymous_2)
FNDA:3,(anonymous_3)
FNDA:1,(anonymous_4)
FNDA:1,(anonymous_5)
FNDA:1,(anonymous_6)
FNDA:34,(anonymous_7)
FNDA:17,(anonymous_8)
FNDA:17,(anonymous_9)
FNDA:1,(anonymous_10)
FNDA:1,(anonymous_11)
FNDA:44,(anonymous_12)
FNDA:2,(anonymous_13)
FNDA:1,(anonymous_14)
DA:11,1
DA:12,17
DA:13,17
DA:15,17
DA:17,17
DA:19,17
DA:20,17
DA:21,17
DA:23,17
DA:24,17
DA:25,17
DA:26,1
DA:27,1
DA:30,17
DA:31,34
DA:34,17
DA:35,17
DA:36,17
DA:37,9
DA:49,17
DA:52,17
DA:54,17
DA:58,17
DA:59,9
DA:78,1
DA:79,1
DA:88,17
DA:91,17
DA:111,44
DA:114,2
DA:115,2
DA:122,1
DA:132,1
LF:33
LH:33
BRDA:36,0,0,9
BRDA:36,0,1,8
BRDA:58,1,0,9
BRDA:58,1,1,8
BRF:4
BRH:4
end_of_record
TN:
SF:src/components/header/styles.jsx
FNF:0
FNH:0
DA:5,1
DA:9,1
DA:14,1
DA:23,1
LF:4
LH:4
BRF:0
BRH:0
end_of_record
TN:
SF:src/components/private-route/PrivateRoute.jsx
FN:5,(anonymous_0)
FN:6,(anonymous_1)
FN:15,(anonymous_2)
FNF:3
FNH:0
FNDA:0,(anonymous_0)
FNDA:0,(anonymous_1)
FNDA:0,(anonymous_2)
DA:5,0
DA:6,0
DA:7,0
DA:14,0
DA:15,0
DA:19,0
LF:6
LH:0
BRDA:7,0,0,0
BRDA:7,0,1,0
BRF:2
BRH:0
end_of_record
TN:
SF:src/contexts/UsuarioAutenticado.js
FNF:0
FNH:0
DA:3,3
LF:1
LH:1
BRF:0
BRH:0
end_of_record
TN:
SF:src/hooks/useErros.js
FN:3,useErros
FN:8,validarCampos
FN:15,possoEnviar
FN:28,criarEstadoInicial
FNF:4
FNH:4
FNDA:110,useErros
FNDA:33,validarCampos
FNDA:114,possoEnviar
FNDA:110,criarEstadoInicial
DA:4,110
DA:6,110
DA:9,33
DA:10,33
DA:11,33
DA:12,33
DA:16,114
DA:17,299
DA:18,12
DA:22,102
DA:25,110
DA:29,110
DA:30,110
DA:31,302
DA:34,110
LF:15
LH:15
BRDA:17,0,0,12
BRDA:17,0,1,287
BRF:2
BRH:2
end_of_record
TN:
SF:src/pages/cadastro/Cadastro.jsx
FN:25,(anonymous_0)
FN:33,(anonymous_1)
FN:44,(anonymous_2)
FN:50,(anonymous_3)
FN:59,(anonymous_4)
FN:62,(anonymous_5)
FN:78,(anonymous_6)
FN:82,(anonymous_7)
FN:101,(anonymous_8)
FN:121,(anonymous_9)
FNF:10
FNH:10
FNDA:20,(anonymous_0)
FNDA:5,(anonymous_1)
FNDA:5,(anonymous_2)
FNDA:3,(anonymous_3)
FNDA:1,(anonymous_4)
FNDA:1,(anonymous_5)
FNDA:1,(anonymous_6)
FNDA:5,(anonymous_7)
FNDA:5,(anonymous_8)
FNDA:3,(anonymous_9)
DA:25,1
DA:26,20
DA:27,20
DA:28,20
DA:30,20
DA:32,20
DA:34,5
DA:35,0
DA:36,5
DA:37,1
DA:41,4
DA:45,5
DA:46,1
DA:47,4
DA:51,3
DA:52,1
DA:53,2
DA:57,20
DA:59,20
DA:60,1
DA:61,1
DA:62,1
DA:63,1
DA:68,20
DA:78,1
DA:83,5
DA:84,5
DA:102,5
DA:103,5
DA:122,3
DA:123,3
LF:31
LH:30
BRDA:34,0,0,0
BRDA:34,0,1,5
BRDA:36,1,0,1
BRDA:36,1,1,4
BRDA:45,2,0,1
BRDA:45,2,1,4
BRDA:45,3,0,5
BRDA:45,3,1,5
BRDA:51,4,0,1
BRDA:51,4,1,2
BRDA:60,5,0,1
BRDA:60,5,1,0
BRF:12
BRH:10
end_of_record
TN:
SF:src/pages/dashboard/Dashboard.jsx
FN:22,(anonymous_0)
FN:25,(anonymous_1)
FN:27,(anonymous_2)
FN:30,(anonymous_3)
FN:31,(anonymous_4)
FN:36,(anonymous_5)
FN:39,(anonymous_6)
FN:45,(anonymous_7)
FN:46,(anonymous_8)
FN:68,(anonymous_9)
FNF:10
FNH:10
FNDA:4,(anonymous_0)
FNDA:2,(anonymous_1)
FNDA:2,(anonymous_2)
FNDA:2,(anonymous_3)
FNDA:2,(anonymous_4)
FNDA:2,(anonymous_5)
FNDA:2,(anonymous_6)
FNDA:1,(anonymous_7)
FNDA:1,(anonymous_8)
FNDA:1,(anonymous_9)
DA:22,1
DA:23,4
DA:25,4
DA:26,2
DA:27,2
DA:30,4
DA:31,2
DA:32,2
DA:36,4
DA:37,2
DA:39,4
DA:40,2
DA:41,2
DA:42,0
DA:45,4
DA:46,1
DA:47,1
DA:61,4
DA:69,1
LF:19
LH:18
BRDA:40,0,0,0
BRDA:40,0,1,2
BRDA:41,1,0,2
BRDA:41,1,1,0
BRDA:67,2,0,1
BRDA:67,2,1,3
BRF:6
BRH:4
end_of_record
TN:
SF:src/pages/dashboard/styles.jsx
FNF:0
FNH:0
DA:5,1
DA:12,1
DA:19,1
DA:23,1
DA:27,1
DA:31,1
DA:35,1
DA:39,1
DA:43,1
DA:49,1
LF:10
LH:10
BRF:0
BRH:0
end_of_record
TN:
SF:src/pages/login/Login.jsx
FN:25,(anonymous_0)
FN:32,(anonymous_1)
FN:43,(anonymous_2)
FN:52,(anonymous_3)
FN:56,(anonymous_4)
FN:79,(anonymous_5)
FN:83,(anonymous_6)
FN:102,(anonymous_7)
FNF:8
FNH:8
FNDA:14,(anonymous_0)
FNDA:4,(anonymous_1)
FNDA:4,(anonymous_2)
FNDA:1,(anonymous_3)
FNDA:1,(anonymous_4)
FNDA:1,(anonymous_5)
FNDA:4,(anonymous_6)
FNDA:4,(anonymous_7)
DA:25,1
DA:26,14
DA:27,14
DA:29,14
DA:31,14
DA:33,4
DA:34,0
DA:35,4
DA:36,1
DA:40,3
DA:44,4
DA:45,1
DA:46,3
DA:50,14
DA:52,14
DA:53,1
DA:54,1
DA:55,1
DA:57,1
DA:58,1
DA:62,1
DA:69,14
DA:79,1
DA:84,4
DA:85,4
DA:103,4
DA:104,4
DA:137,1
LF:28
LH:27
BRDA:33,0,0,0
BRDA:33,0,1,4
BRDA:35,1,0,1
BRDA:35,1,1,3
BRDA:44,2,0,1
BRDA:44,2,1,3
BRDA:44,3,0,4
BRDA:44,3,1,4
BRDA:53,4,0,1
BRDA:53,4,1,0
BRDA:57,5,0,1
BRDA:57,5,1,0
BRF:12
BRH:9
end_of_record
TN:
SF:src/pages/marca/CadastroMarca.jsx
FN:15,CadastroMarca
FN:25,(anonymous_1)
FN:36,cancelar
FN:40,(anonymous_3)
FN:44,(anonymous_4)
FN:59,(anonymous_5)
FN:62,(anonymous_6)
FN:72,(anonymous_7)
FNF:8
FNH:8
FNDA:30,CadastroMarca
FNDA:2,(anonymous_1)
FNDA:1,cancelar
FNDA:10,(anonymous_3)
FNDA:4,(anonymous_4)
FNDA:2,(anonymous_5)
FNDA:2,(anonymous_6)
FNDA:4,(anonymous_7)
DA:16,30
DA:17,30
DA:18,30
DA:20,30
DA:22,30
DA:24,30
DA:26,2
DA:27,2
DA:29,0
DA:34,30
DA:37,1
DA:40,30
DA:41,10
DA:42,4
DA:43,4
DA:44,4
DA:45,4
DA:48,6
DA:49,6
DA:53,30
DA:60,2
DA:61,2
DA:62,2
DA:63,2
DA:64,2
DA:72,4
LF:26
LH:25
BRDA:26,0,0,2
BRDA:26,0,1,0
BRDA:26,1,0,2
BRDA:26,1,1,2
BRDA:41,2,0,4
BRDA:41,2,1,6
BRDA:61,3,0,2
BRDA:61,3,1,0
BRDA:63,4,0,2
BRDA:63,4,1,0
BRF:10
BRH:7
end_of_record
TN:
SF:src/pages/marca/ListagemMarcas.jsx
FN:21,ListagemMarcas
FN:26,(anonymous_1)
FN:30,(anonymous_2)
FN:31,(anonymous_3)
FN:38,(anonymous_4)
FN:42,(anonymous_5)
FN:43,(anonymous_6)
FN:58,(anonymous_7)
FN:68,(anonymous_8)
FN:76,(anonymous_9)
FN:85,(anonymous_10)
FNF:11
FNH:11
FNDA:34,ListagemMarcas
FNDA:14,(anonymous_1)
FNDA:15,(anonymous_2)
FNDA:15,(anonymous_3)
FNDA:1,(anonymous_4)
FNDA:1,(anonymous_5)
FNDA:1,(anonymous_6)
FNDA:4,(anonymous_7)
FNDA:1,(anonymous_8)
FNDA:1,(anonymous_9)
FNDA:1,(anonymous_10)
DA:19,1
DA:22,34
DA:23,34
DA:24,34
DA:26,34
DA:28,34
DA:30,34
DA:31,15
DA:32,15
DA:33,15
DA:38,34
DA:39,1
DA:42,34
DA:43,1
DA:44,1
DA:45,1
DA:49,34
DA:59,4
DA:68,1
DA:76,1
DA:85,1
LF:21
LH:21
BRDA:32,0,0,15
BRDA:32,0,1,0
BRF:2
BRH:1
end_of_record
TN:
SF:src/pages/usuario/ListagemUsuarios.jsx
FN:19,(anonymous_0)
FN:25,(anonymous_1)
FN:26,(anonymous_2)
FN:31,(anonymous_3)
FN:35,(anonymous_4)
FN:43,(anonymous_5)
FN:45,(anonymous_6)
FN:52,(anonymous_7)
FN:67,(anonymous_8)
FN:77,(anonymous_9)
FNF:10
FNH:10
FNDA:20,(anonymous_0)
FNDA:9,(anonymous_1)
FNDA:9,(anonymous_2)
FNDA:4,(anonymous_3)
FNDA:3,(anonymous_4)
FNDA:1,(anonymous_5)
FNDA:1,(anonymous_6)
FNDA:8,(anonymous_7)
FNDA:3,(anonymous_8)
FNDA:1,(anonymous_9)
DA:17,1
DA:19,1
DA:20,20
DA:21,20
DA:23,20
DA:25,20
DA:26,9
DA:27,9
DA:31,20
DA:32,4
DA:35,20
DA:36,3
DA:37,2
DA:39,1
DA:43,20
DA:44,1
DA:45,1
DA:46,1
DA:47,1
DA:52,20
DA:53,8
DA:56,20
DA:58,20
DA:68,3
DA:77,1
LF:25
LH:25
BRDA:36,0,0,2
BRDA:36,0,1,1
BRDA:44,1,0,1
BRDA:44,1,1,0
BRF:4
BRH:3
end_of_record
TN:
SF:src/pages/veiculo/CadastroVeiculo.jsx
FN:16,(anonymous_0)
FN:28,(anonymous_1)
FN:31,(anonymous_2)
FN:34,(anonymous_3)
FN:37,(anonymous_4)
FN:44,(anonymous_5)
FN:45,(anonymous_6)
FN:49,(anonymous_7)
FN:57,(anonymous_8)
FN:60,(anonymous_9)
FN:62,(anonymous_10)
FN:63,(anonymous_11)
FN:68,(anonymous_12)
FN:69,(anonymous_13)
FN:74,(anonymous_14)
FN:87,(anonymous_15)
FN:89,(anonymous_16)
FN:97,(anonymous_17)
FN:101,(anonymous_18)
FN:109,(anonymous_19)
FN:117,(anonymous_20)
FN:132,(anonymous_21)
FN:135,(anonymous_22)
FN:160,(anonymous_23)
FN:180,(anonymous_24)
FN:200,(anonymous_25)
FNF:26
FNH:24
FNDA:46,(anonymous_0)
FNDA:0,(anonymous_1)
FNDA:5,(anonymous_2)
FNDA:2,(anonymous_3)
FNDA:3,(anonymous_4)
FNDA:10,(anonymous_5)
FNDA:10,(anonymous_6)
FNDA:4,(anonymous_7)
FNDA:10,(anonymous_8)
FNDA:1,(anonymous_9)
FNDA:1,(anonymous_10)
FNDA:1,(anonymous_11)
FNDA:1,(anonymous_12)
FNDA:1,(anonymous_13)
FNDA:2,(anonymous_14)
FNDA:46,(anonymous_15)
FNDA:30,(anonymous_16)
FNDA:10,(anonymous_17)
FNDA:5,(anonymous_18)
FNDA:2,(anonymous_19)
FNDA:3,(anonymous_20)
FNDA:2,(anonymous_21)
FNDA:0,(anonymous_22)
FNDA:3,(anonymous_23)
FNDA:2,(anonymous_24)
FNDA:3,(anonymous_25)
DA:16,1
DA:17,46
DA:18,46
DA:19,46
DA:20,46
DA:21,46
DA:23,46
DA:25,46
DA:27,46
DA:29,0
DA:32,5
DA:35,2
DA:38,3
DA:42,46
DA:44,46
DA:45,10
DA:46,10
DA:48,10
DA:49,4
DA:50,4
DA:51,4
DA:52,4
DA:53,4
DA:57,10
DA:60,46
DA:62,46
DA:63,1
DA:64,1
DA:68,46
DA:69,1
DA:70,1
DA:74,46
DA:75,2
DA:77,2
DA:79,2
DA:81,2
DA:82,1
DA:83,1
DA:84,1
DA:87,46
DA:88,46
DA:89,30
DA:90,30
DA:97,46
DA:98,10
DA:101,46
DA:102,5
DA:103,3
DA:104,2
DA:105,0
DA:106,2
DA:109,46
DA:110,2
DA:111,0
DA:112,2
DA:113,0
DA:114,2
DA:117,46
DA:118,3
DA:119,0
DA:120,3
DA:121,0
DA:122,3
DA:123,0
DA:124,3
DA:127,46
DA:132,2
DA:136,0
DA:137,0
DA:161,3
DA:162,3
DA:181,2
DA:182,2
DA:201,3
DA:202,3
LF:75
LH:66
BRDA:48,0,0,4
BRDA:48,0,1,6
BRDA:77,1,0,0
BRDA:77,1,1,2
BRDA:81,2,0,1
BRDA:81,2,1,1
BRDA:88,3,0,30
BRDA:88,3,1,16
BRDA:98,4,0,10
BRDA:98,4,1,7
BRDA:102,5,0,3
BRDA:102,5,1,2
BRDA:104,6,0,0
BRDA:104,6,1,2
BRDA:110,7,0,0
BRDA:110,7,1,2
BRDA:112,8,0,0
BRDA:112,8,1,2
BRDA:112,9,0,2
BRDA:112,9,1,2
BRDA:118,10,0,0
BRDA:118,10,1,3
BRDA:120,11,0,0
BRDA:120,11,1,3
BRDA:122,12,0,0
BRDA:122,12,1,3
BRDA:130,13,0,29
BRDA:130,13,1,17
BRDA:134,14,0,18
BRDA:134,14,1,28
BRDA:234,15,0,29
BRDA:234,15,1,17
BRF:32
BRH:25
end_of_record
TN:
SF:src/pages/veiculo/ListagemVeiculos.jsx
FN:21,(anonymous_0)
FN:48,(anonymous_1)
FN:54,(anonymous_2)
FN:58,(anonymous_3)
FN:59,(anonymous_4)
FN:64,(anonymous_5)
FN:65,(anonymous_6)
FN:71,(anonymous_7)
FN:75,(anonymous_8)
FN:84,(anonymous_9)
FN:92,(anonymous_10)
FN:100,(anonymous_11)
FN:119,(anonymous_12)
FNF:13
FNH:12
FNDA:0,(anonymous_0)
FNDA:27,(anonymous_1)
FNDA:11,(anonymous_2)
FNDA:12,(anonymous_3)
FNDA:12,(anonymous_4)
FNDA:1,(anonymous_5)
FNDA:1,(anonymous_6)
FNDA:1,(anonymous_7)
FNDA:27,(anonymous_8)
FNDA:1,(anonymous_9)
FNDA:1,(anonymous_10)
FNDA:1,(anonymous_11)
FNDA:3,(anonymous_12)
DA:21,1
DA:22,0
DA:32,1
DA:48,1
DA:49,27
DA:50,27
DA:51,27
DA:52,27
DA:54,27
DA:56,27
DA:58,27
DA:59,12
DA:60,12
DA:64,27
DA:65,1
DA:66,1
DA:67,1
DA:71,27
DA:72,1
DA:75,27
DA:76,27
DA:77,21
DA:84,1
DA:92,1
DA:100,1
DA:107,6
DA:110,27
DA:120,3
LF:28
LH:27
BRDA:76,0,0,21
BRDA:76,0,1,6
BRF:2
BRH:2
end_of_record
TN:
SF:src/services/AutenticacaoService.js
FN:9,(anonymous_0)
FN:14,(anonymous_1)
FNF:2
FNH:0
FNDA:0,(anonymous_0)
FNDA:0,(anonymous_1)
DA:1,1
DA:3,1
DA:8,1
DA:10,0
DA:14,0
LF:5
LH:3
BRF:0
BRH:0
end_of_record
TN:
SF:src/services/DashboardService.js
FN:4,(anonymous_0)
FN:11,(anonymous_1)
FN:12,(anonymous_2)
FNF:3
FNH:0
FNDA:0,(anonymous_0)
FNDA:0,(anonymous_1)
FNDA:0,(anonymous_2)
DA:2,1
DA:4,1
DA:5,0
DA:10,1
DA:12,0
DA:13,0
LF:6
LH:3
BRF:0
BRH:0
end_of_record
TN:
SF:src/services/MarcaService.js
FN:4,(anonymous_0)
FN:11,(anonymous_1)
FN:17,(anonymous_2)
FN:20,(anonymous_3)
FN:25,(anonymous_4)
FN:28,(anonymous_5)
FN:29,(anonymous_6)
FN:34,(anonymous_7)
FN:35,(anonymous_8)
FN:40,(anonymous_9)
FN:44,(anonymous_10)
FNF:11
FNH:0
FNDA:0,(anonymous_0)
FNDA:0,(anonymous_1)
FNDA:0,(anonymous_2)
FNDA:0,(anonymous_3)
FNDA:0,(anonymous_4)
FNDA:0,(anonymous_5)
FNDA:0,(anonymous_6)
FNDA:0,(anonymous_7)
FNDA:0,(anonymous_8)
FNDA:0,(anonymous_9)
FNDA:0,(anonymous_10)
DA:3,3
DA:4,3
DA:5,0
DA:10,3
DA:12,0
DA:13,0
DA:17,0
DA:21,0
DA:25,0
DA:29,0
DA:30,0
DA:35,0
DA:36,0
DA:41,0
DA:44,0
LF:15
LH:3
BRF:0
BRH:0
end_of_record
TN:
SF:src/services/UsuarioService.js
FN:4,(anonymous_0)
FN:11,(anonymous_1)
FN:12,(anonymous_2)
FN:17,(anonymous_3)
FN:22,(anonymous_4)
FN:25,(anonymous_5)
FN:30,(anonymous_6)
FN:33,(anonymous_7)
FN:37,(anonymous_8)
FNF:9
FNH:0
FNDA:0,(anonymous_0)
FNDA:0,(anonymous_1)
FNDA:0,(anonymous_2)
FNDA:0,(anonymous_3)
FNDA:0,(anonymous_4)
FNDA:0,(anonymous_5)
FNDA:0,(anonymous_6)
FNDA:0,(anonymous_7)
FNDA:0,(anonymous_8)
DA:3,2
DA:4,2
DA:5,0
DA:10,2
DA:12,0
DA:13,0
DA:18,0
DA:22,0
DA:26,0
DA:30,0
DA:34,0
DA:37,0
LF:12
LH:3
BRF:0
BRH:0
end_of_record
TN:
SF:src/services/VeiculoService.js
FN:4,(anonymous_0)
FN:11,(anonymous_1)
FN:12,(anonymous_2)
FN:17,(anonymous_3)
FN:18,(anonymous_4)
FN:23,(anonymous_5)
FN:28,(anonymous_6)
FN:31,(anonymous_7)
FN:36,(anonymous_8)
FN:39,(anonymous_9)
FN:43,(anonymous_10)
FNF:11
FNH:0
FNDA:0,(anonymous_0)
FNDA:0,(anonymous_1)
FNDA:0,(anonymous_2)
FNDA:0,(anonymous_3)
FNDA:0,(anonymous_4)
FNDA:0,(anonymous_5)
FNDA:0,(anonymous_6)
FNDA:0,(anonymous_7)
FNDA:0,(anonymous_8)
FNDA:0,(anonymous_9)
FNDA:0,(anonymous_10)
DA:3,2
DA:4,2
DA:5,0
DA:10,2
DA:12,0
DA:13,0
DA:18,0
DA:19,0
DA:24,0
DA:28,0
DA:32,0
DA:36,0
DA:40,0
DA:43,0
LF:14
LH:3
BRF:0
BRH:0
end_of_record
