TN:
SF:src/App.jsx
FN:36,(anonymous_0)
FN:51,App
FN:59,(anonymous_2)
FN:68,(anonymous_3)
FN:79,(anonymous_4)
FN:83,(anonymous_5)
FN:89,(anonymous_6)
FNF:7
FNH:0
FNDA:0,(anonymous_0)
FNDA:0,App
FNDA:0,(anonymous_2)
FNDA:0,(anonymous_3)
FNDA:0,(anonymous_4)
FNDA:0,(anonymous_5)
FNDA:0,(anonymous_6)
DA:25,0
DA:36,0
DA:52,0
DA:53,0
DA:54,0
DA:55,0
DA:57,0
DA:59,0
DA:60,0
DA:61,0
DA:62,0
DA:63,0
DA:64,0
DA:68,0
DA:69,0
DA:70,0
DA:71,0
DA:72,0
DA:74,0
DA:76,0
DA:79,0
DA:80,0
DA:83,0
DA:84,0
DA:85,0
DA:86,0
DA:89,0
DA:90,0
DA:91,0
DA:94,0
LF:30
LH:0
BRDA:63,0,0,0
BRDA:63,0,1,0
BRDA:63,1,0,0
BRDA:63,1,1,0
BRDA:69,2,0,0
BRDA:69,2,1,0
BRDA:90,3,0,0
BRDA:90,3,1,0
BRF:8
BRH:0
end_of_record
TN:
SF:src/Constants.js
FNF:0
FNH:0
DA:1,16
DA:2,16
DA:3,16
DA:4,16
DA:5,16
DA:6,16
LF:6
LH:6
BRF:0
BRH:0
end_of_record
TN:
SF:src/index.js
FNF:0
FNH:0
DA:9,0
LF:1
LH:0
BRF:0
BRH:0
end_of_record
TN:
SF:src/assets/DataGridStyles.jsx
FN:3,(anonymous_0)
FNF:1
FNH:1
FNDA:34,(anonymous_0)
DA:3,34
LF:1
LH:1
BRF:0
BRH:0
end_of_record
TN:
SF:src/assets/GlobalStyles.jsx
FNF:0
FNH:0
DA:6,11
DA:11,11
DA:15,11
DA:20,11
DA:31,11
DA:38,11
DA:43,11
DA:48,11
DA:52,11
DA:58,11
LF:10
LH:10
BRF:0
BRH:0
end_of_record
TN:
SF:src/components/header/Header.jsx
FN:11,(anonymous_0)
FN:19,(anonymous_1)
FN:20,(anonymous_2)
FN:21,(anonymous_3)
FN:23,(anonymous_4)
FN:24,(anonymous_5)
FN:25,(anonymous_6)
FN:30,(anonymous_7)
FN:34,(anonymous_8)
FN:47,(anonymous_9)
FN:53,(anonymous_10)
FN:55,(anonymous_11)
FN:78,(anonymous_12)
FN:86,(anonymous_13)
FN:119,(anonymous_14)
FN:122,(anonymous_15)
FN:131,(anonymous_16)
FNF:17
FNH:16
FNDA:17,(anonymous_0)
FNDA:4,(anonymous_1)
FNDA:2,(anonymous_2)
FNDA:3,(anonymous_3)
FNDA:1,(anonymous_4)
FNDA:1,(anonymous_5)
FNDA:1,(anonymous_6)
FNDA:34,(anonymous_7)
FNDA:9,(anonymous_8)
FNDA:17,(anonymous_9)
FNDA:17,(anonymous_10)
FNDA:1,(anonymous_11)
FNDA:0,(anonymous_12)
FNDA:1,(anonymous_13)
FNDA:44,(anonymous_14)
FNDA:2,(anonymous_15)
FNDA:1,(anonymous_16)
DA:11,1
DA:12,17
DA:13,17
DA:15,17
DA:17,17
DA:19,17
DA:20,17
DA:21,17
DA:23,17
DA:24,17
DA:25,17
DA:26,1
DA:27,1
DA:30,17
DA:31,34
DA:34,17
DA:35,9
DA:47,17
DA:48,17
DA:49,17
DA:50,17
DA:53,17
DA:55,17
DA:59,17
DA:60,9
DA:79,0
DA:80,0
DA:87,1
DA:88,1
DA:97,17
DA:100,17
DA:120,44
DA:123,2
DA:124,2
DA:131,1
DA:141,1
LF:36
LH:34
BRDA:49,0,0,9
BRDA:49,0,1,8
BRDA:59,1,0,9
BRDA:59,1,1,8
BRF:4
BRH:4
end_of_record
TN:
SF:src/components/header/styles.jsx
FNF:0
FNH:0
DA:5,1
DA:11,1
DA:16,1
DA:24,1
LF:4
LH:4
BRF:0
BRH:0
end_of_record
TN:
SF:src/components/login-form/LoginFormComponent.jsx
FN:11,(anonymous_0)
FN:25,(anonymous_1)
FN:36,(anonymous_2)
FN:42,(anonymous_3)
FN:51,(anonymous_4)
FN:55,(anonymous_5)
FN:66,(anonymous_6)
FN:68,(anonymous_7)
FN:73,(anonymous_8)
FN:92,(anonymous_9)
FN:97,(anonymous_10)
FN:115,(anonymous_11)
FN:118,(anonymous_12)
FN:124,(anonymous_13)
FNF:14
FNH:14
FNDA:40,(anonymous_0)
FNDA:9,(anonymous_1)
FNDA:10,(anonymous_2)
FNDA:4,(anonymous_3)
FNDA:3,(anonymous_4)
FNDA:3,(anonymous_5)
FNDA:116,(anonymous_6)
FNDA:40,(anonymous_7)
FNDA:9,(anonymous_8)
FNDA:40,(anonymous_9)
FNDA:4,(anonymous_10)
FNDA:40,(anonymous_11)
FNDA:3,(anonymous_12)
FNDA:10,(anonymous_13)
DA:11,4
DA:12,40
DA:13,40
DA:14,40
DA:16,40
DA:18,40
DA:24,40
DA:26,9
DA:27,0
DA:28,9
DA:29,2
DA:33,7
DA:37,10
DA:38,2
DA:39,8
DA:43,4
DA:44,1
DA:45,3
DA:49,40
DA:51,40
DA:52,3
DA:55,40
DA:56,3
DA:58,3
DA:66,116
DA:68,40
DA:69,40
DA:74,9
DA:75,9
DA:92,40
DA:93,40
DA:98,4
DA:99,4
DA:115,40
DA:117,40
DA:118,3
DA:125,10
DA:126,10
DA:156,4
LF:39
LH:38
BRDA:26,0,0,0
BRDA:26,0,1,9
BRDA:28,1,0,2
BRDA:28,1,1,7
BRDA:37,2,0,2
BRDA:37,2,1,8
BRDA:37,3,0,10
BRDA:37,3,1,10
BRDA:43,4,0,1
BRDA:43,4,1,3
BRDA:58,5,0,1
BRDA:58,5,1,2
BRDA:69,6,0,36
BRDA:69,6,1,4
BRDA:93,7,0,25
BRDA:93,7,1,15
BRDA:115,8,0,4
BRDA:115,8,1,36
BRF:18
BRH:17
end_of_record
TN:
SF:src/components/private-route/PrivateRoute.jsx
FN:5,(anonymous_0)
FN:6,(anonymous_1)
FN:15,(anonymous_2)
FNF:3
FNH:0
FNDA:0,(anonymous_0)
FNDA:0,(anonymous_1)
FNDA:0,(anonymous_2)
DA:5,0
DA:6,0
DA:7,0
DA:14,0
DA:15,0
DA:19,0
LF:6
LH:0
BRDA:7,0,0,0
BRDA:7,0,1,0
BRF:2
BRH:0
end_of_record
TN:
SF:src/components/snackbar/Snackbar.jsx
FN:7,(anonymous_0)
FN:9,(anonymous_1)
FNF:2
FNH:0
FNDA:0,(anonymous_0)
FNDA:0,(anonymous_1)
DA:7,0
DA:9,0
DA:10,0
DA:19,0
LF:4
LH:0
BRF:0
BRH:0
end_of_record
TN:
SF:src/components/veiculos-filtro/VeiculosFiltro.jsx
FN:18,(anonymous_0)
FN:29,(anonymous_1)
FN:32,(anonymous_2)
FN:37,(anonymous_3)
FN:50,(anonymous_4)
FN:56,(anonymous_5)
FN:66,(anonymous_6)
FN:77,(anonymous_7)
FN:79,(anonymous_8)
FN:87,(anonymous_9)
FN:89,(anonymous_10)
FN:100,(anonymous_11)
FN:106,(anonymous_12)
FN:121,(anonymous_13)
FN:134,(anonymous_14)
FN:153,(anonymous_15)
FNF:16
FNH:14
FNDA:56,(anonymous_0)
FNDA:5,(anonymous_1)
FNDA:5,(anonymous_2)
FNDA:10,(anonymous_3)
FNDA:112,(anonymous_4)
FNDA:1,(anonymous_5)
FNDA:1,(anonymous_6)
FNDA:56,(anonymous_7)
FNDA:16,(anonymous_8)
FNDA:56,(anonymous_9)
FNDA:23,(anonymous_10)
FNDA:1,(anonymous_11)
FNDA:0,(anonymous_12)
FNDA:0,(anonymous_13)
FNDA:4,(anonymous_14)
FNDA:4,(anonymous_15)
DA:18,2
DA:23,56
DA:24,56
DA:25,56
DA:26,56
DA:28,56
DA:30,5
DA:33,5
DA:37,56
DA:38,10
DA:39,0
DA:40,10
DA:41,0
DA:45,10
DA:48,56
DA:50,56
DA:51,112
DA:56,56
DA:57,1
DA:58,1
DA:59,1
DA:60,1
DA:61,1
DA:62,1
DA:63,1
DA:66,56
DA:67,1
DA:68,1
DA:74,1
DA:77,56
DA:78,56
DA:79,16
DA:80,16
DA:87,56
DA:88,56
DA:89,23
DA:90,23
DA:97,56
DA:100,1
DA:106,0
DA:121,0
DA:135,4
DA:136,4
DA:154,4
DA:155,4
DA:193,2
LF:46
LH:42
BRDA:38,0,0,0
BRDA:38,0,1,10
BRDA:40,1,0,0
BRDA:40,1,1,10
BRDA:52,2,0,112
BRDA:52,2,1,112
BRDA:52,2,2,112
BRDA:52,2,3,96
BRDA:78,3,0,16
BRDA:78,3,1,40
BRDA:88,4,0,23
BRDA:88,4,1,33
BRDA:183,5,0,56
BRDA:183,5,1,8
BRF:14
BRH:12
end_of_record
TN:
SF:src/components/veiculos-filtro/styles.jsx
FNF:0
FNH:0
DA:5,2
DA:13,2
DA:17,2
LF:3
LH:3
BRF:0
BRH:0
end_of_record
TN:
SF:src/contexts/UsuarioAutenticado.js
FNF:0
FNH:0
DA:3,7
LF:1
LH:1
BRF:0
BRH:0
end_of_record
TN:
SF:src/hooks/useErros.js
FN:3,useErros
FN:8,validarCampos
FN:15,possoEnviar
FN:28,criarEstadoInicial
FNF:4
FNH:4
FNDA:172,useErros
FNDA:45,validarCampos
FNDA:131,possoEnviar
FNDA:172,criarEstadoInicial
DA:4,172
DA:6,172
DA:9,45
DA:10,45
DA:11,45
DA:12,45
DA:16,131
DA:17,353
DA:18,12
DA:22,119
DA:25,172
DA:29,172
DA:30,172
DA:31,446
DA:34,172
LF:15
LH:15
BRDA:17,0,0,12
BRDA:17,0,1,341
BRF:2
BRH:2
end_of_record
TN:
SF:src/pages/alterar-senha/AlterarSenha.jsx
FN:15,(anonymous_0)
FN:18,(anonymous_1)
FN:20,(anonymous_2)
FNF:3
FNH:3
FNDA:2,(anonymous_0)
FNDA:1,(anonymous_1)
FNDA:1,(anonymous_2)
DA:15,1
DA:16,2
DA:18,2
DA:19,1
DA:20,1
DA:21,1
DA:23,1
DA:24,1
DA:30,2
DA:46,1
LF:10
LH:10
BRDA:19,0,0,1
BRDA:19,0,1,0
BRDA:21,1,0,0
BRDA:21,1,1,1
BRF:4
BRH:2
end_of_record
TN:
SF:src/pages/cadastro/Cadastro.jsx
FN:20,(anonymous_0)
FN:23,(anonymous_1)
FN:25,(anonymous_2)
FNF:3
FNH:3
FNDA:3,(anonymous_0)
FNDA:1,(anonymous_1)
FNDA:1,(anonymous_2)
DA:20,1
DA:21,3
DA:23,3
DA:24,1
DA:25,1
DA:26,1
DA:28,1
DA:29,1
DA:35,3
DA:56,1
LF:10
LH:10
BRDA:24,0,0,1
BRDA:24,0,1,0
BRDA:26,1,0,0
BRDA:26,1,1,1
BRF:4
BRH:2
end_of_record
TN:
SF:src/pages/dashboard/Dashboard.jsx
FN:22,(anonymous_0)
FN:25,(anonymous_1)
FN:27,(anonymous_2)
FN:30,(anonymous_3)
FN:31,(anonymous_4)
FN:36,(anonymous_5)
FN:39,(anonymous_6)
FN:45,(anonymous_7)
FN:46,(anonymous_8)
FN:68,(anonymous_9)
FNF:10
FNH:10
FNDA:4,(anonymous_0)
FNDA:2,(anonymous_1)
FNDA:2,(anonymous_2)
FNDA:2,(anonymous_3)
FNDA:2,(anonymous_4)
FNDA:2,(anonymous_5)
FNDA:2,(anonymous_6)
FNDA:1,(anonymous_7)
FNDA:1,(anonymous_8)
FNDA:1,(anonymous_9)
DA:22,1
DA:23,4
DA:25,4
DA:26,2
DA:27,2
DA:30,4
DA:31,2
DA:32,2
DA:36,4
DA:37,2
DA:39,4
DA:40,2
DA:41,2
DA:42,0
DA:45,4
DA:46,1
DA:47,1
DA:61,4
DA:69,1
LF:19
LH:18
BRDA:40,0,0,0
BRDA:40,0,1,2
BRDA:41,1,0,2
BRDA:41,1,1,0
BRDA:67,2,0,1
BRDA:67,2,1,3
BRF:6
BRH:4
end_of_record
TN:
SF:src/pages/dashboard/styles.jsx
FNF:0
FNH:0
DA:5,1
DA:12,1
DA:19,1
DA:23,1
DA:27,1
DA:31,1
DA:35,1
DA:39,1
DA:43,1
DA:49,1
LF:10
LH:10
BRF:0
BRH:0
end_of_record
TN:
SF:src/pages/login/Login.jsx
FN:20,(anonymous_0)
FN:23,(anonymous_1)
FN:25,(anonymous_2)
FNF:3
FNH:3
FNDA:3,(anonymous_0)
FNDA:1,(anonymous_1)
FNDA:1,(anonymous_2)
DA:20,1
DA:21,3
DA:23,3
DA:24,1
DA:25,1
DA:26,1
DA:27,1
DA:32,1
DA:33,0
DA:38,3
DA:57,1
LF:11
LH:10
BRDA:24,0,0,1
BRDA:24,0,1,0
BRDA:26,1,0,1
BRDA:26,1,1,0
BRF:4
BRH:2
end_of_record
TN:
SF:src/pages/marca/CadastroMarca.jsx
FN:18,CadastroMarca
FN:28,(anonymous_1)
FN:39,(anonymous_2)
FN:43,(anonymous_3)
FN:52,(anonymous_4)
FN:56,(anonymous_5)
FN:67,(anonymous_6)
FN:70,(anonymous_7)
FN:81,(anonymous_8)
FNF:9
FNH:9
FNDA:30,CadastroMarca
FNDA:2,(anonymous_1)
FNDA:10,(anonymous_2)
FNDA:4,(anonymous_3)
FNDA:1,(anonymous_4)
FNDA:2,(anonymous_5)
FNDA:2,(anonymous_6)
FNDA:2,(anonymous_7)
FNDA:4,(anonymous_8)
DA:19,30
DA:20,30
DA:21,30
DA:23,30
DA:25,30
DA:27,30
DA:29,2
DA:30,2
DA:32,0
DA:37,30
DA:39,30
DA:40,10
DA:41,4
DA:42,4
DA:43,4
DA:44,4
DA:47,6
DA:48,6
DA:52,30
DA:53,1
DA:56,30
DA:57,2
DA:61,30
DA:68,2
DA:69,2
DA:70,2
DA:71,2
DA:72,2
DA:73,2
DA:74,0
DA:81,4
DA:118,1
LF:32
LH:30
BRDA:29,0,0,2
BRDA:29,0,1,0
BRDA:29,1,0,2
BRDA:29,1,1,2
BRDA:40,2,0,4
BRDA:40,2,1,6
BRDA:57,3,0,1
BRDA:57,3,1,1
BRDA:69,4,0,2
BRDA:69,4,1,0
BRDA:71,5,0,2
BRDA:71,5,1,0
BRF:12
BRH:9
end_of_record
TN:
SF:src/pages/marca/ListagemMarcas.jsx
FN:24,ListagemMarcas
FN:29,(anonymous_1)
FN:31,(anonymous_2)
FN:39,(anonymous_3)
FN:40,(anonymous_4)
FN:47,(anonymous_5)
FN:51,(anonymous_6)
FN:52,(anonymous_7)
FN:70,(anonymous_8)
FN:80,(anonymous_9)
FN:88,(anonymous_10)
FN:97,(anonymous_11)
FNF:12
FNH:12
FNDA:34,ListagemMarcas
FNDA:14,(anonymous_1)
FNDA:14,(anonymous_2)
FNDA:15,(anonymous_3)
FNDA:15,(anonymous_4)
FNDA:1,(anonymous_5)
FNDA:1,(anonymous_6)
FNDA:1,(anonymous_7)
FNDA:4,(anonymous_8)
FNDA:1,(anonymous_9)
FNDA:1,(anonymous_10)
FNDA:1,(anonymous_11)
DA:22,1
DA:25,34
DA:26,34
DA:27,34
DA:29,34
DA:30,14
DA:31,14
DA:32,14
DA:33,14
DA:37,34
DA:39,34
DA:40,15
DA:41,15
DA:42,15
DA:47,34
DA:48,1
DA:51,34
DA:52,1
DA:53,1
DA:54,1
DA:55,1
DA:56,1
DA:57,0
DA:61,34
DA:71,4
DA:80,1
DA:88,1
DA:97,1
DA:105,1
LF:29
LH:28
BRDA:41,0,0,15
BRDA:41,0,1,0
BRDA:53,1,0,1
BRDA:53,1,1,0
BRF:4
BRH:2
end_of_record
TN:
SF:src/pages/usuario/ListagemUsuarios.jsx
FN:19,(anonymous_0)
FN:25,(anonymous_1)
FN:26,(anonymous_2)
FN:31,(anonymous_3)
FN:35,(anonymous_4)
FN:43,(anonymous_5)
FN:45,(anonymous_6)
FN:52,(anonymous_7)
FN:67,(anonymous_8)
FN:77,(anonymous_9)
FNF:10
FNH:10
FNDA:20,(anonymous_0)
FNDA:9,(anonymous_1)
FNDA:9,(anonymous_2)
FNDA:4,(anonymous_3)
FNDA:3,(anonymous_4)
FNDA:1,(anonymous_5)
FNDA:1,(anonymous_6)
FNDA:8,(anonymous_7)
FNDA:3,(anonymous_8)
FNDA:1,(anonymous_9)
DA:17,1
DA:19,1
DA:20,20
DA:21,20
DA:23,20
DA:25,20
DA:26,9
DA:27,9
DA:31,20
DA:32,4
DA:35,20
DA:36,3
DA:37,2
DA:39,1
DA:43,20
DA:44,1
DA:45,1
DA:46,1
DA:47,1
DA:52,20
DA:53,8
DA:56,20
DA:58,20
DA:68,3
DA:77,1
LF:25
LH:25
BRDA:36,0,0,2
BRDA:36,0,1,1
BRDA:44,1,0,1
BRDA:44,1,1,0
BRF:4
BRH:3
end_of_record
TN:
SF:src/pages/veiculo/CadastroVeiculo.jsx
FN:20,(anonymous_0)
FN:36,(anonymous_1)
FN:37,(anonymous_2)
FN:41,(anonymous_3)
FN:49,(anonymous_4)
FN:52,(anonymous_5)
FN:54,(anonymous_6)
FN:55,(anonymous_7)
FN:63,(anonymous_8)
FN:64,(anonymous_9)
FN:72,(anonymous_10)
FN:85,(anonymous_11)
FN:87,(anonymous_12)
FN:100,(anonymous_13)
FN:103,(anonymous_14)
FN:128,(anonymous_15)
FN:148,(anonymous_16)
FN:168,(anonymous_17)
FNF:18
FNH:17
FNDA:46,(anonymous_0)
FNDA:10,(anonymous_1)
FNDA:10,(anonymous_2)
FNDA:4,(anonymous_3)
FNDA:10,(anonymous_4)
FNDA:1,(anonymous_5)
FNDA:1,(anonymous_6)
FNDA:1,(anonymous_7)
FNDA:1,(anonymous_8)
FNDA:1,(anonymous_9)
FNDA:2,(anonymous_10)
FNDA:46,(anonymous_11)
FNDA:30,(anonymous_12)
FNDA:2,(anonymous_13)
FNDA:0,(anonymous_14)
FNDA:3,(anonymous_15)
FNDA:2,(anonymous_16)
FNDA:3,(anonymous_17)
DA:20,1
DA:21,46
DA:22,46
DA:24,46
DA:25,46
DA:26,46
DA:28,46
DA:30,46
DA:32,46
DA:34,46
DA:36,46
DA:37,10
DA:38,10
DA:40,10
DA:41,4
DA:42,4
DA:43,4
DA:44,4
DA:45,4
DA:49,10
DA:52,46
DA:54,46
DA:55,1
DA:56,1
DA:57,1
DA:58,1
DA:59,0
DA:63,46
DA:64,1
DA:65,1
DA:66,1
DA:67,1
DA:68,0
DA:72,46
DA:73,2
DA:75,2
DA:77,2
DA:79,2
DA:80,1
DA:81,1
DA:82,1
DA:85,46
DA:86,46
DA:87,30
DA:88,30
DA:95,46
DA:100,2
DA:104,0
DA:105,0
DA:129,3
DA:130,3
DA:149,2
DA:150,2
DA:169,3
DA:170,3
DA:210,1
LF:56
LH:52
BRDA:40,0,0,4
BRDA:40,0,1,6
BRDA:56,1,0,1
BRDA:56,1,1,0
BRDA:65,2,0,1
BRDA:65,2,1,0
BRDA:75,3,0,0
BRDA:75,3,1,2
BRDA:79,4,0,1
BRDA:79,4,1,1
BRDA:86,5,0,30
BRDA:86,5,1,16
BRDA:98,6,0,29
BRDA:98,6,1,17
BRDA:202,7,0,29
BRDA:202,7,1,17
BRF:16
BRH:13
end_of_record
TN:
SF:src/pages/veiculo/ListagemVeiculos.jsx
FN:26,(anonymous_0)
FN:53,(anonymous_1)
FN:61,(anonymous_2)
FN:64,(anonymous_3)
FN:73,(anonymous_4)
FN:74,(anonymous_5)
FN:80,(anonymous_6)
FN:82,(anonymous_7)
FN:88,(anonymous_8)
FN:89,(anonymous_9)
FN:98,(anonymous_10)
FN:102,(anonymous_11)
FN:104,(anonymous_12)
FN:112,(anonymous_13)
FN:121,(anonymous_14)
FN:129,(anonymous_15)
FN:137,(anonymous_16)
FN:147,(anonymous_17)
FN:170,(anonymous_18)
FNF:19
FNH:16
FNDA:0,(anonymous_0)
FNDA:50,(anonymous_1)
FNDA:12,(anonymous_2)
FNDA:12,(anonymous_3)
FNDA:13,(anonymous_4)
FNDA:13,(anonymous_5)
FNDA:12,(anonymous_6)
FNDA:9,(anonymous_7)
FNDA:1,(anonymous_8)
FNDA:1,(anonymous_9)
FNDA:1,(anonymous_10)
FNDA:0,(anonymous_11)
FNDA:0,(anonymous_12)
FNDA:50,(anonymous_13)
FNDA:1,(anonymous_14)
FNDA:1,(anonymous_15)
FNDA:1,(anonymous_16)
FNDA:50,(anonymous_17)
FNDA:3,(anonymous_18)
DA:26,1
DA:27,0
DA:37,1
DA:53,1
DA:54,50
DA:55,50
DA:56,50
DA:57,50
DA:58,50
DA:59,50
DA:61,50
DA:62,12
DA:63,12
DA:64,12
DA:65,12
DA:66,12
DA:67,12
DA:71,50
DA:73,50
DA:74,13
DA:75,13
DA:76,13
DA:80,50
DA:81,12
DA:82,9
DA:83,9
DA:88,50
DA:89,1
DA:90,1
DA:91,1
DA:92,1
DA:93,1
DA:94,0
DA:98,50
DA:99,1
DA:102,50
DA:103,0
DA:104,0
DA:105,0
DA:108,0
DA:112,50
DA:113,50
DA:114,41
DA:121,1
DA:129,1
DA:137,1
DA:144,9
DA:147,50
DA:148,50
DA:149,41
DA:157,9
DA:160,50
DA:171,3
DA:179,1
LF:54
LH:48
BRDA:81,0,0,9
BRDA:81,0,1,3
BRDA:90,1,0,1
BRDA:90,1,1,0
BRDA:103,2,0,0
BRDA:103,2,1,0
BRDA:113,3,0,41
BRDA:113,3,1,9
BRDA:148,4,0,41
BRDA:148,4,1,9
BRF:10
BRH:7
end_of_record
TN:
SF:src/services/AutenticacaoService.js
FN:10,(anonymous_0)
FN:15,(anonymous_1)
FNF:2
FNH:0
FNDA:0,(anonymous_0)
FNDA:0,(anonymous_1)
DA:1,1
DA:3,1
DA:9,1
DA:11,0
DA:15,0
LF:5
LH:3
BRF:0
BRH:0
end_of_record
TN:
SF:src/services/DashboardService.js
FN:4,(anonymous_0)
FN:11,(anonymous_1)
FN:12,(anonymous_2)
FNF:3
FNH:0
FNDA:0,(anonymous_0)
FNDA:0,(anonymous_1)
FNDA:0,(anonymous_2)
DA:2,1
DA:4,1
DA:5,0
DA:10,1
DA:12,0
DA:13,0
LF:6
LH:3
BRF:0
BRH:0
end_of_record
TN:
SF:src/services/MarcaService.js
FN:4,(anonymous_0)
FN:12,(anonymous_1)
FN:18,(anonymous_2)
FN:21,(anonymous_3)
FN:26,(anonymous_4)
FN:29,(anonymous_5)
FN:32,(anonymous_6)
FN:37,(anonymous_7)
FN:40,(anonymous_8)
FN:45,(anonymous_9)
FN:49,(anonymous_10)
FNF:11
FNH:0
FNDA:0,(anonymous_0)
FNDA:0,(anonymous_1)
FNDA:0,(anonymous_2)
FNDA:0,(anonymous_3)
FNDA:0,(anonymous_4)
FNDA:0,(anonymous_5)
FNDA:0,(anonymous_6)
FNDA:0,(anonymous_7)
FNDA:0,(anonymous_8)
FNDA:0,(anonymous_9)
FNDA:0,(anonymous_10)
DA:3,4
DA:4,4
DA:5,0
DA:11,4
DA:13,0
DA:14,0
DA:18,0
DA:22,0
DA:26,0
DA:30,0
DA:31,0
DA:32,0
DA:33,0
DA:38,0
DA:39,0
DA:40,0
DA:41,0
DA:46,0
DA:49,0
LF:19
LH:3
BRF:0
BRH:0
end_of_record
TN:
SF:src/services/UsuarioService.js
FN:4,(anonymous_0)
FN:11,(anonymous_1)
FN:14,(anonymous_2)
FN:19,(anonymous_3)
FN:24,(anonymous_4)
FN:27,(anonymous_5)
FN:32,(anonymous_6)
FN:35,(anonymous_7)
FN:39,(anonymous_8)
FNF:9
FNH:0
FNDA:0,(anonymous_0)
FNDA:0,(anonymous_1)
FNDA:0,(anonymous_2)
FNDA:0,(anonymous_3)
FNDA:0,(anonymous_4)
FNDA:0,(anonymous_5)
FNDA:0,(anonymous_6)
FNDA:0,(anonymous_7)
FNDA:0,(anonymous_8)
DA:3,3
DA:4,3
DA:5,0
DA:10,3
DA:12,0
DA:13,0
DA:14,0
DA:15,0
DA:20,0
DA:24,0
DA:28,0
DA:32,0
DA:36,0
DA:39,0
LF:14
LH:3
BRF:0
BRH:0
end_of_record
TN:
SF:src/services/VeiculoService.js
FN:4,(anonymous_0)
FN:12,(anonymous_1)
FN:15,(anonymous_2)
FN:20,(anonymous_3)
FN:25,(anonymous_4)
FN:28,(anonymous_5)
FN:31,(anonymous_6)
FN:36,(anonymous_7)
FN:41,(anonymous_8)
FN:44,(anonymous_9)
FN:49,(anonymous_10)
FN:52,(anonymous_11)
FN:56,(anonymous_12)
FNF:13
FNH:0
FNDA:0,(anonymous_0)
FNDA:0,(anonymous_1)
FNDA:0,(anonymous_2)
FNDA:0,(anonymous_3)
FNDA:0,(anonymous_4)
FNDA:0,(anonymous_5)
FNDA:0,(anonymous_6)
FNDA:0,(anonymous_7)
FNDA:0,(anonymous_8)
FNDA:0,(anonymous_9)
FNDA:0,(anonymous_10)
FNDA:0,(anonymous_11)
FNDA:0,(anonymous_12)
DA:3,2
DA:4,2
DA:5,0
DA:11,2
DA:13,0
DA:14,0
DA:15,0
DA:16,0
DA:21,0
DA:25,0
DA:29,0
DA:30,0
DA:31,0
DA:32,0
DA:37,0
DA:41,0
DA:45,0
DA:49,0
DA:53,0
DA:56,0
LF:20
LH:3
BRF:0
BRH:0
end_of_record
TN:
SF:src/utils/ValidacoesVeiculo.js
FN:2,(anonymous_0)
FN:5,(anonymous_1)
FN:8,(anonymous_2)
FN:11,(anonymous_3)
FN:16,(anonymous_4)
FN:20,(anonymous_5)
FN:28,(anonymous_6)
FN:36,(anonymous_7)
FNF:8
FNH:7
FNDA:0,(anonymous_0)
FNDA:5,(anonymous_1)
FNDA:2,(anonymous_2)
FNDA:3,(anonymous_3)
FNDA:10,(anonymous_4)
FNDA:5,(anonymous_5)
FNDA:2,(anonymous_6)
FNDA:3,(anonymous_7)
DA:1,1
DA:3,0
DA:6,5
DA:9,2
DA:12,3
DA:16,1
DA:17,10
DA:20,1
DA:21,5
DA:22,3
DA:23,2
DA:24,0
DA:25,2
DA:28,1
DA:29,2
DA:30,0
DA:31,2
DA:32,0
DA:33,2
DA:36,1
DA:37,3
DA:38,0
DA:39,3
DA:40,3
DA:41,0
DA:42,3
LF:26
LH:20
BRDA:17,0,0,10
BRDA:17,0,1,7
BRDA:21,1,0,3
BRDA:21,1,1,2
BRDA:23,2,0,0
BRDA:23,2,1,2
BRDA:29,3,0,0
BRDA:29,3,1,2
BRDA:31,4,0,0
BRDA:31,4,1,2
BRDA:31,5,0,2
BRDA:31,5,1,2
BRDA:37,6,0,0
BRDA:37,6,1,3
BRDA:39,7,0,0
BRDA:39,7,1,3
BRDA:40,8,0,0
BRDA:40,8,1,3
BRF:18
BRH:12
end_of_record
